TN:
SF:src/App.js
FN:24,App
FN:40,(anonymous_1)
FN:49,(anonymous_2)
FN:55,(anonymous_3)
FN:61,(anonymous_4)
FN:68,(anonymous_5)
FN:69,(anonymous_6)
FN:71,(anonymous_7)
FN:74,(anonymous_8)
FN:88,(anonymous_9)
FN:217,(anonymous_10)
FN:223,(anonymous_11)
FN:225,(anonymous_12)
FN:229,(anonymous_13)
FN:236,(anonymous_14)
FN:245,(anonymous_15)
FN:246,(anonymous_16)
FN:248,(anonymous_17)
FN:300,(anonymous_18)
FN:314,(anonymous_19)
FN:315,(anonymous_20)
FN:383,(anonymous_21)
FN:410,(anonymous_22)
FN:437,(anonymous_23)
FN:464,(anonymous_24)
FN:491,(anonymous_25)
FN:518,(anonymous_26)
FN:545,(anonymous_27)
FN:572,(anonymous_28)
FN:632,(anonymous_29)
FN:634,(anonymous_30)
FN:635,(anonymous_31)
FN:637,(anonymous_32)
FN:638,(anonymous_33)
FN:639,(anonymous_34)
FN:644,(anonymous_35)
FN:647,(anonymous_36)
FN:650,(anonymous_37)
FN:651,(anonymous_38)
FN:667,(anonymous_39)
FN:676,(anonymous_40)
FN:727,(anonymous_41)
FN:732,(anonymous_42)
FN:735,(anonymous_43)
FN:763,(anonymous_44)
FN:774,(anonymous_45)
FN:792,(anonymous_46)
FN:819,(anonymous_47)
FN:882,(anonymous_48)
FN:894,(anonymous_49)
FN:896,(anonymous_50)
FN:915,(anonymous_51)
FN:916,(anonymous_52)
FN:917,(anonymous_53)
FN:922,(anonymous_54)
FN:948,(anonymous_55)
FN:976,(anonymous_56)
FN:1007,(anonymous_57)
FN:1011,(anonymous_58)
FN:1032,(anonymous_59)
FN:1036,(anonymous_60)
FN:1058,(anonymous_61)
FN:1074,(anonymous_62)
FN:1075,(anonymous_63)
FN:1077,(anonymous_64)
FN:1084,(anonymous_65)
FN:1111,(anonymous_66)
FN:1136,(anonymous_67)
FN:1136,(anonymous_68)
FN:1219,(anonymous_69)
FN:1225,(anonymous_70)
FN:1233,(anonymous_71)
FN:1234,(anonymous_72)
FN:1408,(anonymous_73)
FN:1416,(anonymous_74)
FN:1421,(anonymous_75)
FN:1422,(anonymous_76)
FN:1424,(anonymous_77)
FN:1430,(anonymous_78)
FN:1438,(anonymous_79)
FN:1467,(anonymous_80)
FN:1477,(anonymous_81)
FN:1477,(anonymous_82)
FN:1509,(anonymous_83)
FN:1517,(anonymous_84)
FN:1522,(anonymous_85)
FN:1523,(anonymous_86)
FN:1525,(anonymous_87)
FN:1531,(anonymous_88)
FN:1539,(anonymous_89)
FN:1578,(anonymous_90)
FN:1588,(anonymous_91)
FN:1588,(anonymous_92)
FN:1633,(anonymous_93)
FN:1634,(anonymous_94)
FN:1835,(anonymous_95)
FN:1842,(anonymous_96)
FN:1843,(anonymous_97)
FN:2048,(anonymous_98)
FN:2049,(anonymous_99)
FN:2050,(anonymous_100)
FN:2059,(anonymous_101)
FN:2060,(anonymous_102)
FN:2211,(anonymous_103)
FN:2551,(anonymous_104)
FN:2557,(anonymous_105)
FNF:106
FNH:0
FNDA:0,App
FNDA:0,(anonymous_1)
FNDA:0,(anonymous_2)
FNDA:0,(anonymous_3)
FNDA:0,(anonymous_4)
FNDA:0,(anonymous_5)
FNDA:0,(anonymous_6)
FNDA:0,(anonymous_7)
FNDA:0,(anonymous_8)
FNDA:0,(anonymous_9)
FNDA:0,(anonymous_10)
FNDA:0,(anonymous_11)
FNDA:0,(anonymous_12)
FNDA:0,(anonymous_13)
FNDA:0,(anonymous_14)
FNDA:0,(anonymous_15)
FNDA:0,(anonymous_16)
FNDA:0,(anonymous_17)
FNDA:0,(anonymous_18)
FNDA:0,(anonymous_19)
FNDA:0,(anonymous_20)
FNDA:0,(anonymous_21)
FNDA:0,(anonymous_22)
FNDA:0,(anonymous_23)
FNDA:0,(anonymous_24)
FNDA:0,(anonymous_25)
FNDA:0,(anonymous_26)
FNDA:0,(anonymous_27)
FNDA:0,(anonymous_28)
FNDA:0,(anonymous_29)
FNDA:0,(anonymous_30)
FNDA:0,(anonymous_31)
FNDA:0,(anonymous_32)
FNDA:0,(anonymous_33)
FNDA:0,(anonymous_34)
FNDA:0,(anonymous_35)
FNDA:0,(anonymous_36)
FNDA:0,(anonymous_37)
FNDA:0,(anonymous_38)
FNDA:0,(anonymous_39)
FNDA:0,(anonymous_40)
FNDA:0,(anonymous_41)
FNDA:0,(anonymous_42)
FNDA:0,(anonymous_43)
FNDA:0,(anonymous_44)
FNDA:0,(anonymous_45)
FNDA:0,(anonymous_46)
FNDA:0,(anonymous_47)
FNDA:0,(anonymous_48)
FNDA:0,(anonymous_49)
FNDA:0,(anonymous_50)
FNDA:0,(anonymous_51)
FNDA:0,(anonymous_52)
FNDA:0,(anonymous_53)
FNDA:0,(anonymous_54)
FNDA:0,(anonymous_55)
FNDA:0,(anonymous_56)
FNDA:0,(anonymous_57)
FNDA:0,(anonymous_58)
FNDA:0,(anonymous_59)
FNDA:0,(anonymous_60)
FNDA:0,(anonymous_61)
FNDA:0,(anonymous_62)
FNDA:0,(anonymous_63)
FNDA:0,(anonymous_64)
FNDA:0,(anonymous_65)
FNDA:0,(anonymous_66)
FNDA:0,(anonymous_67)
FNDA:0,(anonymous_68)
FNDA:0,(anonymous_69)
FNDA:0,(anonymous_70)
FNDA:0,(anonymous_71)
FNDA:0,(anonymous_72)
FNDA:0,(anonymous_73)
FNDA:0,(anonymous_74)
FNDA:0,(anonymous_75)
FNDA:0,(anonymous_76)
FNDA:0,(anonymous_77)
FNDA:0,(anonymous_78)
FNDA:0,(anonymous_79)
FNDA:0,(anonymous_80)
FNDA:0,(anonymous_81)
FNDA:0,(anonymous_82)
FNDA:0,(anonymous_83)
FNDA:0,(anonymous_84)
FNDA:0,(anonymous_85)
FNDA:0,(anonymous_86)
FNDA:0,(anonymous_87)
FNDA:0,(anonymous_88)
FNDA:0,(anonymous_89)
FNDA:0,(anonymous_90)
FNDA:0,(anonymous_91)
FNDA:0,(anonymous_92)
FNDA:0,(anonymous_93)
FNDA:0,(anonymous_94)
FNDA:0,(anonymous_95)
FNDA:0,(anonymous_96)
FNDA:0,(anonymous_97)
FNDA:0,(anonymous_98)
FNDA:0,(anonymous_99)
FNDA:0,(anonymous_100)
FNDA:0,(anonymous_101)
FNDA:0,(anonymous_102)
FNDA:0,(anonymous_103)
FNDA:0,(anonymous_104)
FNDA:0,(anonymous_105)
DA:25,0
DA:26,0
DA:27,0
DA:28,0
DA:29,0
DA:30,0
DA:31,0
DA:32,0
DA:33,0
DA:34,0
DA:35,0
DA:36,0
DA:37,0
DA:38,0
DA:39,0
DA:40,0
DA:41,0
DA:42,0
DA:46,0
DA:49,0
DA:50,0
DA:51,0
DA:55,0
DA:56,0
DA:57,0
DA:61,0
DA:62,0
DA:63,0
DA:68,0
DA:69,0
DA:70,0
DA:71,0
DA:74,0
DA:75,0
DA:78,0
DA:88,0
DA:89,0
DA:90,0
DA:92,0
DA:93,0
DA:95,0
DA:98,0
DA:99,0
DA:100,0
DA:101,0
DA:103,0
DA:107,0
DA:108,0
DA:111,0
DA:112,0
DA:113,0
DA:115,0
DA:116,0
DA:120,0
DA:123,0
DA:125,0
DA:126,0
DA:129,0
DA:130,0
DA:131,0
DA:134,0
DA:137,0
DA:138,0
DA:142,0
DA:143,0
DA:146,0
DA:147,0
DA:148,0
DA:150,0
DA:153,0
DA:154,0
DA:157,0
DA:158,0
DA:160,0
DA:161,0
DA:164,0
DA:165,0
DA:166,0
DA:168,0
DA:171,0
DA:172,0
DA:175,0
DA:176,0
DA:177,0
DA:180,0
DA:181,0
DA:182,0
DA:183,0
DA:185,0
DA:187,0
DA:188,0
DA:191,0
DA:192,0
DA:193,0
DA:194,0
DA:196,0
DA:198,0
DA:199,0
DA:202,0
DA:203,0
DA:204,0
DA:205,0
DA:207,0
DA:211,0
DA:213,0
DA:217,0
DA:218,0
DA:223,0
DA:224,0
DA:225,0
DA:229,0
DA:230,0
DA:236,0
DA:237,0
DA:245,0
DA:246,0
DA:247,0
DA:248,0
DA:250,0
DA:251,0
DA:255,0
DA:300,0
DA:314,0
DA:315,0
DA:383,0
DA:410,0
DA:437,0
DA:464,0
DA:491,0
DA:518,0
DA:545,0
DA:572,0
DA:633,0
DA:634,0
DA:635,0
DA:637,0
DA:638,0
DA:639,0
DA:641,0
DA:642,0
DA:643,0
DA:644,0
DA:646,0
DA:647,0
DA:650,0
DA:651,0
DA:653,0
DA:667,0
DA:676,0
DA:728,0
DA:729,0
DA:733,0
DA:734,0
DA:735,0
DA:736,0
DA:737,0
DA:764,0
DA:766,0
DA:775,0
DA:792,0
DA:820,0
DA:883,0
DA:884,0
DA:885,0
DA:886,0
DA:887,0
DA:890,0
DA:891,0
DA:892,0
DA:894,0
DA:895,0
DA:896,0
DA:897,0
DA:898,0
DA:899,0
DA:903,0
DA:906,0
DA:907,0
DA:908,0
DA:911,0
DA:912,0
DA:913,0
DA:915,0
DA:916,0
DA:917,0
DA:919,0
DA:923,0
DA:924,0
DA:949,0
DA:950,0
DA:951,0
DA:977,0
DA:978,0
DA:979,0
DA:1008,0
DA:1009,0
DA:1011,0
DA:1012,0
DA:1013,0
DA:1014,0
DA:1015,0
DA:1016,0
DA:1019,0
DA:1033,0
DA:1034,0
DA:1036,0
DA:1037,0
DA:1038,0
DA:1039,0
DA:1040,0
DA:1041,0
DA:1044,0
DA:1059,0
DA:1060,0
DA:1061,0
DA:1062,0
DA:1063,0
DA:1065,0
DA:1075,0
DA:1076,0
DA:1077,0
DA:1078,0
DA:1084,0
DA:1086,0
DA:1087,0
DA:1112,0
DA:1136,0
DA:1137,0
DA:1138,0
DA:1139,0
DA:1140,0
DA:1141,0
DA:1220,0
DA:1221,0
DA:1222,0
DA:1226,0
DA:1233,0
DA:1234,0
DA:1409,0
DA:1410,0
DA:1411,0
DA:1412,0
DA:1413,0
DA:1415,0
DA:1416,0
DA:1417,0
DA:1418,0
DA:1419,0
DA:1421,0
DA:1422,0
DA:1424,0
DA:1425,0
DA:1426,0
DA:1427,0
DA:1430,0
DA:1431,0
DA:1432,0
DA:1433,0
DA:1436,0
DA:1439,0
DA:1468,0
DA:1477,0
DA:1478,0
DA:1479,0
DA:1480,0
DA:1481,0
DA:1482,0
DA:1510,0
DA:1511,0
DA:1512,0
DA:1513,0
DA:1514,0
DA:1516,0
DA:1517,0
DA:1518,0
DA:1519,0
DA:1520,0
DA:1522,0
DA:1523,0
DA:1525,0
DA:1526,0
DA:1527,0
DA:1528,0
DA:1531,0
DA:1532,0
DA:1533,0
DA:1534,0
DA:1537,0
DA:1540,0
DA:1579,0
DA:1588,0
DA:1589,0
DA:1590,0
DA:1591,0
DA:1592,0
DA:1593,0
DA:1633,0
DA:1635,0
DA:1836,0
DA:1842,0
DA:1843,0
DA:2048,0
DA:2050,0
DA:2051,0
DA:2052,0
DA:2059,0
DA:2060,0
DA:2211,0
DA:2552,0
DA:2553,0
DA:2554,0
DA:2558,0
DA:2559,0
DA:2560,0
LF:314
LH:0
BRDA:42,0,0,0
BRDA:42,0,1,0
BRDA:51,1,0,0
BRDA:51,1,1,0
BRDA:62,2,0,0
BRDA:62,2,1,0
BRDA:79,3,0,0
BRDA:79,3,1,0
BRDA:80,4,0,0
BRDA:80,4,1,0
BRDA:81,5,0,0
BRDA:81,5,1,0
BRDA:82,6,0,0
BRDA:82,6,1,0
BRDA:83,7,0,0
BRDA:83,7,1,0
BRDA:84,8,0,0
BRDA:84,8,1,0
BRDA:85,9,0,0
BRDA:85,9,1,0
BRDA:93,10,0,0
BRDA:93,10,1,0
BRDA:98,11,0,0
BRDA:98,11,1,0
BRDA:100,12,0,0
BRDA:100,12,1,0
BRDA:111,13,0,0
BRDA:111,13,1,0
BRDA:115,14,0,0
BRDA:115,14,1,0
BRDA:115,15,0,0
BRDA:115,15,1,0
BRDA:123,16,0,0
BRDA:123,16,1,0
BRDA:129,17,0,0
BRDA:129,17,1,0
BRDA:146,18,0,0
BRDA:146,18,1,0
BRDA:158,19,0,0
BRDA:158,19,1,0
BRDA:164,20,0,0
BRDA:164,20,1,0
BRDA:176,21,0,0
BRDA:176,21,1,0
BRDA:180,22,0,0
BRDA:180,22,1,0
BRDA:187,23,0,0
BRDA:187,23,1,0
BRDA:191,24,0,0
BRDA:191,24,1,0
BRDA:198,25,0,0
BRDA:198,25,1,0
BRDA:202,26,0,0
BRDA:202,26,1,0
BRDA:247,27,0,0
BRDA:247,27,1,0
BRDA:269,28,0,0
BRDA:269,28,1,0
BRDA:270,29,0,0
BRDA:270,29,1,0
BRDA:280,30,0,0
BRDA:280,30,1,0
BRDA:290,31,0,0
BRDA:290,31,1,0
BRDA:291,32,0,0
BRDA:291,32,1,0
BRDA:302,33,0,0
BRDA:302,33,1,0
BRDA:303,34,0,0
BRDA:303,34,1,0
BRDA:311,35,0,0
BRDA:311,35,1,0
BRDA:316,36,0,0
BRDA:316,36,1,0
BRDA:318,37,0,0
BRDA:318,37,1,0
BRDA:318,38,0,0
BRDA:318,38,1,0
BRDA:318,39,0,0
BRDA:318,39,1,0
BRDA:324,40,0,0
BRDA:324,40,1,0
BRDA:333,41,0,0
BRDA:333,41,1,0
BRDA:334,42,0,0
BRDA:334,42,1,0
BRDA:335,43,0,0
BRDA:335,43,1,0
BRDA:336,44,0,0
BRDA:336,44,1,0
BRDA:337,45,0,0
BRDA:337,45,1,0
BRDA:338,46,0,0
BRDA:338,46,1,0
BRDA:339,47,0,0
BRDA:339,47,1,0
BRDA:352,48,0,0
BRDA:352,48,1,0
BRDA:373,49,0,0
BRDA:373,49,1,0
BRDA:374,50,0,0
BRDA:374,50,1,0
BRDA:376,51,0,0
BRDA:376,51,1,0
BRDA:378,52,0,0
BRDA:378,52,1,0
BRDA:386,53,0,0
BRDA:386,53,1,0
BRDA:387,54,0,0
BRDA:387,54,1,0
BRDA:388,55,0,0
BRDA:388,55,1,0
BRDA:389,56,0,0
BRDA:389,56,1,0
BRDA:398,57,0,0
BRDA:398,57,1,0
BRDA:400,58,0,0
BRDA:400,58,1,0
BRDA:405,59,0,0
BRDA:405,59,1,0
BRDA:406,60,0,0
BRDA:406,60,1,0
BRDA:413,61,0,0
BRDA:413,61,1,0
BRDA:414,62,0,0
BRDA:414,62,1,0
BRDA:415,63,0,0
BRDA:415,63,1,0
BRDA:416,64,0,0
BRDA:416,64,1,0
BRDA:425,65,0,0
BRDA:425,65,1,0
BRDA:427,66,0,0
BRDA:427,66,1,0
BRDA:432,67,0,0
BRDA:432,67,1,0
BRDA:433,68,0,0
BRDA:433,68,1,0
BRDA:440,69,0,0
BRDA:440,69,1,0
BRDA:441,70,0,0
BRDA:441,70,1,0
BRDA:442,71,0,0
BRDA:442,71,1,0
BRDA:443,72,0,0
BRDA:443,72,1,0
BRDA:452,73,0,0
BRDA:452,73,1,0
BRDA:454,74,0,0
BRDA:454,74,1,0
BRDA:459,75,0,0
BRDA:459,75,1,0
BRDA:460,76,0,0
BRDA:460,76,1,0
BRDA:467,77,0,0
BRDA:467,77,1,0
BRDA:468,78,0,0
BRDA:468,78,1,0
BRDA:469,79,0,0
BRDA:469,79,1,0
BRDA:470,80,0,0
BRDA:470,80,1,0
BRDA:479,81,0,0
BRDA:479,81,1,0
BRDA:481,82,0,0
BRDA:481,82,1,0
BRDA:486,83,0,0
BRDA:486,83,1,0
BRDA:494,84,0,0
BRDA:494,84,1,0
BRDA:495,85,0,0
BRDA:495,85,1,0
BRDA:496,86,0,0
BRDA:496,86,1,0
BRDA:497,87,0,0
BRDA:497,87,1,0
BRDA:506,88,0,0
BRDA:506,88,1,0
BRDA:508,89,0,0
BRDA:508,89,1,0
BRDA:513,90,0,0
BRDA:513,90,1,0
BRDA:514,91,0,0
BRDA:514,91,1,0
BRDA:521,92,0,0
BRDA:521,92,1,0
BRDA:522,93,0,0
BRDA:522,93,1,0
BRDA:523,94,0,0
BRDA:523,94,1,0
BRDA:524,95,0,0
BRDA:524,95,1,0
BRDA:533,96,0,0
BRDA:533,96,1,0
BRDA:535,97,0,0
BRDA:535,97,1,0
BRDA:540,98,0,0
BRDA:540,98,1,0
BRDA:541,99,0,0
BRDA:541,99,1,0
BRDA:548,100,0,0
BRDA:548,100,1,0
BRDA:549,101,0,0
BRDA:549,101,1,0
BRDA:550,102,0,0
BRDA:550,102,1,0
BRDA:551,103,0,0
BRDA:551,103,1,0
BRDA:560,104,0,0
BRDA:560,104,1,0
BRDA:562,105,0,0
BRDA:562,105,1,0
BRDA:567,106,0,0
BRDA:567,106,1,0
BRDA:568,107,0,0
BRDA:568,107,1,0
BRDA:575,108,0,0
BRDA:575,108,1,0
BRDA:576,109,0,0
BRDA:576,109,1,0
BRDA:577,110,0,0
BRDA:577,110,1,0
BRDA:578,111,0,0
BRDA:578,111,1,0
BRDA:587,112,0,0
BRDA:587,112,1,0
BRDA:589,113,0,0
BRDA:589,113,1,0
BRDA:594,114,0,0
BRDA:594,114,1,0
BRDA:595,115,0,0
BRDA:595,115,1,0
BRDA:600,116,0,0
BRDA:600,116,1,0
BRDA:606,117,0,0
BRDA:606,117,1,0
BRDA:623,118,0,0
BRDA:623,118,1,0
BRDA:623,118,2,0
BRDA:628,119,0,0
BRDA:628,119,1,0
BRDA:629,120,0,0
BRDA:629,120,1,0
BRDA:630,121,0,0
BRDA:630,121,1,0
BRDA:632,122,0,0
BRDA:632,122,1,0
BRDA:635,123,0,0
BRDA:635,123,1,0
BRDA:635,123,2,0
BRDA:641,124,0,0
BRDA:641,124,1,0
BRDA:642,125,0,0
BRDA:642,125,1,0
BRDA:643,126,0,0
BRDA:643,126,1,0
BRDA:646,127,0,0
BRDA:646,127,1,0
BRDA:650,128,0,0
BRDA:650,128,1,0
BRDA:651,129,0,0
BRDA:651,129,1,0
BRDA:658,130,0,0
BRDA:658,130,1,0
BRDA:701,131,0,0
BRDA:701,131,1,0
BRDA:701,131,2,0
BRDA:705,132,0,0
BRDA:705,132,1,0
BRDA:706,133,0,0
BRDA:706,133,1,0
BRDA:707,134,0,0
BRDA:707,134,1,0
BRDA:709,135,0,0
BRDA:709,135,1,0
BRDA:719,136,0,0
BRDA:719,136,1,0
BRDA:733,137,0,0
BRDA:733,137,1,0
BRDA:734,138,0,0
BRDA:734,138,1,0
BRDA:736,139,0,0
BRDA:736,139,1,0
BRDA:741,140,0,0
BRDA:741,140,1,0
BRDA:742,141,0,0
BRDA:742,141,1,0
BRDA:743,142,0,0
BRDA:743,142,1,0
BRDA:744,143,0,0
BRDA:744,143,1,0
BRDA:747,144,0,0
BRDA:747,144,1,0
BRDA:748,145,0,0
BRDA:748,145,1,0
BRDA:758,146,0,0
BRDA:758,146,1,0
BRDA:759,147,0,0
BRDA:759,147,1,0
BRDA:763,148,0,0
BRDA:763,148,1,0
BRDA:768,149,0,0
BRDA:768,149,1,0
BRDA:773,150,0,0
BRDA:773,150,1,0
BRDA:782,151,0,0
BRDA:782,151,1,0
BRDA:791,152,0,0
BRDA:791,152,1,0
BRDA:795,153,0,0
BRDA:795,153,1,0
BRDA:798,154,0,0
BRDA:798,154,1,0
BRDA:804,155,0,0
BRDA:804,155,1,0
BRDA:810,156,0,0
BRDA:810,156,1,0
BRDA:820,157,0,0
BRDA:820,157,1,0
BRDA:834,158,0,0
BRDA:834,158,1,0
BRDA:843,159,0,0
BRDA:843,159,1,0
BRDA:852,160,0,0
BRDA:852,160,1,0
BRDA:858,161,0,0
BRDA:858,161,1,0
BRDA:876,162,0,0
BRDA:876,162,1,0
BRDA:895,163,0,0
BRDA:895,163,1,0
BRDA:908,164,0,0
BRDA:908,164,1,0
BRDA:913,165,0,0
BRDA:913,165,1,0
BRDA:917,166,0,0
BRDA:917,166,1,0
BRDA:931,167,0,0
BRDA:931,167,1,0
BRDA:994,168,0,0
BRDA:994,168,1,0
BRDA:994,168,2,0
BRDA:1000,169,0,0
BRDA:1000,169,1,0
BRDA:1008,170,0,0
BRDA:1008,170,1,0
BRDA:1013,171,0,0
BRDA:1013,171,1,0
BRDA:1016,172,0,0
BRDA:1016,172,1,0
BRDA:1033,173,0,0
BRDA:1033,173,1,0
BRDA:1038,174,0,0
BRDA:1038,174,1,0
BRDA:1041,175,0,0
BRDA:1041,175,1,0
BRDA:1060,176,0,0
BRDA:1060,176,1,0
BRDA:1061,177,0,0
BRDA:1061,177,1,0
BRDA:1076,178,0,0
BRDA:1076,178,1,0
BRDA:1086,179,0,0
BRDA:1086,179,1,0
BRDA:1099,180,0,0
BRDA:1099,180,1,0
BRDA:1106,181,0,0
BRDA:1106,181,1,0
BRDA:1179,182,0,0
BRDA:1179,182,1,0
BRDA:1182,183,0,0
BRDA:1182,183,1,0
BRDA:1183,184,0,0
BRDA:1183,184,1,0
BRDA:1186,185,0,0
BRDA:1186,185,1,0
BRDA:1191,186,0,0
BRDA:1191,186,1,0
BRDA:1192,187,0,0
BRDA:1192,187,1,0
BRDA:1193,188,0,0
BRDA:1193,188,1,0
BRDA:1194,189,0,0
BRDA:1194,189,1,0
BRDA:1200,190,0,0
BRDA:1200,190,1,0
BRDA:1203,191,0,0
BRDA:1203,191,1,0
BRDA:1203,192,0,0
BRDA:1203,192,1,0
BRDA:1206,193,0,0
BRDA:1206,193,1,0
BRDA:1206,194,0,0
BRDA:1206,194,1,0
BRDA:1209,195,0,0
BRDA:1209,195,1,0
BRDA:1209,196,0,0
BRDA:1209,196,1,0
BRDA:1212,197,0,0
BRDA:1212,197,1,0
BRDA:1212,198,0,0
BRDA:1212,198,1,0
BRDA:1220,199,0,0
BRDA:1220,199,1,0
BRDA:1221,200,0,0
BRDA:1221,200,1,0
BRDA:1236,201,0,0
BRDA:1236,201,1,0
BRDA:1236,202,0,0
BRDA:1236,202,1,0
BRDA:1239,203,0,0
BRDA:1239,203,1,0
BRDA:1239,204,0,0
BRDA:1239,204,1,0
BRDA:1242,205,0,0
BRDA:1242,205,1,0
BRDA:1243,206,0,0
BRDA:1243,206,1,0
BRDA:1243,207,0,0
BRDA:1243,207,1,0
BRDA:1243,207,2,0
BRDA:1248,208,0,0
BRDA:1248,208,1,0
BRDA:1250,209,0,0
BRDA:1250,209,1,0
BRDA:1252,210,0,0
BRDA:1252,210,1,0
BRDA:1253,211,0,0
BRDA:1253,211,1,0
BRDA:1255,212,0,0
BRDA:1255,212,1,0
BRDA:1255,213,0,0
BRDA:1255,213,1,0
BRDA:1255,214,0,0
BRDA:1255,214,1,0
BRDA:1259,215,0,0
BRDA:1259,215,1,0
BRDA:1262,216,0,0
BRDA:1262,216,1,0
BRDA:1262,217,0,0
BRDA:1262,217,1,0
BRDA:1263,218,0,0
BRDA:1263,218,1,0
BRDA:1276,219,0,0
BRDA:1276,219,1,0
BRDA:1276,219,2,0
BRDA:1278,220,0,0
BRDA:1278,220,1,0
BRDA:1278,220,2,0
BRDA:1283,221,0,0
BRDA:1283,221,1,0
BRDA:1284,222,0,0
BRDA:1284,222,1,0
BRDA:1285,223,0,0
BRDA:1285,223,1,0
BRDA:1289,224,0,0
BRDA:1289,224,1,0
BRDA:1291,225,0,0
BRDA:1291,225,1,0
BRDA:1294,226,0,0
BRDA:1294,226,1,0
BRDA:1297,227,0,0
BRDA:1297,227,1,0
BRDA:1297,228,0,0
BRDA:1297,228,1,0
BRDA:1299,229,0,0
BRDA:1299,229,1,0
BRDA:1300,230,0,0
BRDA:1300,230,1,0
BRDA:1302,231,0,0
BRDA:1302,231,1,0
BRDA:1309,232,0,0
BRDA:1309,232,1,0
BRDA:1311,233,0,0
BRDA:1311,233,1,0
BRDA:1314,234,0,0
BRDA:1314,234,1,0
BRDA:1317,235,0,0
BRDA:1317,235,1,0
BRDA:1317,236,0,0
BRDA:1317,236,1,0
BRDA:1319,237,0,0
BRDA:1319,237,1,0
BRDA:1320,238,0,0
BRDA:1320,238,1,0
BRDA:1322,239,0,0
BRDA:1322,239,1,0
BRDA:1329,240,0,0
BRDA:1329,240,1,0
BRDA:1331,241,0,0
BRDA:1331,241,1,0
BRDA:1334,242,0,0
BRDA:1334,242,1,0
BRDA:1337,243,0,0
BRDA:1337,243,1,0
BRDA:1337,244,0,0
BRDA:1337,244,1,0
BRDA:1339,245,0,0
BRDA:1339,245,1,0
BRDA:1340,246,0,0
BRDA:1340,246,1,0
BRDA:1342,247,0,0
BRDA:1342,247,1,0
BRDA:1349,248,0,0
BRDA:1349,248,1,0
BRDA:1351,249,0,0
BRDA:1351,249,1,0
BRDA:1354,250,0,0
BRDA:1354,250,1,0
BRDA:1357,251,0,0
BRDA:1357,251,1,0
BRDA:1357,252,0,0
BRDA:1357,252,1,0
BRDA:1359,253,0,0
BRDA:1359,253,1,0
BRDA:1360,254,0,0
BRDA:1360,254,1,0
BRDA:1362,255,0,0
BRDA:1362,255,1,0
BRDA:1369,256,0,0
BRDA:1369,256,1,0
BRDA:1371,257,0,0
BRDA:1371,257,1,0
BRDA:1374,258,0,0
BRDA:1374,258,1,0
BRDA:1377,259,0,0
BRDA:1377,259,1,0
BRDA:1379,260,0,0
BRDA:1379,260,1,0
BRDA:1380,261,0,0
BRDA:1380,261,1,0
BRDA:1382,262,0,0
BRDA:1382,262,1,0
BRDA:1389,263,0,0
BRDA:1389,263,1,0
BRDA:1389,263,2,0
BRDA:1389,263,3,0
BRDA:1389,263,4,0
BRDA:1389,263,5,0
BRDA:1393,264,0,0
BRDA:1393,264,1,0
BRDA:1394,265,0,0
BRDA:1394,265,1,0
BRDA:1395,266,0,0
BRDA:1395,266,1,0
BRDA:1397,267,0,0
BRDA:1397,267,1,0
BRDA:1402,268,0,0
BRDA:1402,268,1,0
BRDA:1403,269,0,0
BRDA:1403,269,1,0
BRDA:1406,270,0,0
BRDA:1406,270,1,0
BRDA:1407,271,0,0
BRDA:1407,271,1,0
BRDA:1407,272,0,0
BRDA:1407,272,1,0
BRDA:1419,273,0,0
BRDA:1419,273,1,0
BRDA:1422,274,0,0
BRDA:1422,274,1,0
BRDA:1433,275,0,0
BRDA:1433,275,1,0
BRDA:1445,276,0,0
BRDA:1445,276,1,0
BRDA:1504,277,0,0
BRDA:1504,277,1,0
BRDA:1507,278,0,0
BRDA:1507,278,1,0
BRDA:1508,279,0,0
BRDA:1508,279,1,0
BRDA:1508,280,0,0
BRDA:1508,280,1,0
BRDA:1520,281,0,0
BRDA:1520,281,1,0
BRDA:1523,282,0,0
BRDA:1523,282,1,0
BRDA:1534,283,0,0
BRDA:1534,283,1,0
BRDA:1546,284,0,0
BRDA:1546,284,1,0
BRDA:1616,285,0,0
BRDA:1616,285,1,0
BRDA:1616,285,2,0
BRDA:1616,285,3,0
BRDA:1620,286,0,0
BRDA:1620,286,1,0
BRDA:1621,287,0,0
BRDA:1621,287,1,0
BRDA:1622,288,0,0
BRDA:1622,288,1,0
BRDA:1624,289,0,0
BRDA:1624,289,1,0
BRDA:1627,290,0,0
BRDA:1627,290,1,0
BRDA:1631,291,0,0
BRDA:1631,291,1,0
BRDA:1637,292,0,0
BRDA:1637,292,1,0
BRDA:1640,293,0,0
BRDA:1640,293,1,0
BRDA:1645,294,0,0
BRDA:1645,294,1,0
BRDA:1646,295,0,0
BRDA:1646,295,1,0
BRDA:1666,296,0,0
BRDA:1666,296,1,0
BRDA:1666,296,2,0
BRDA:1669,297,0,0
BRDA:1669,297,1,0
BRDA:1672,298,0,0
BRDA:1672,298,1,0
BRDA:1674,299,0,0
BRDA:1674,299,1,0
BRDA:1675,300,0,0
BRDA:1675,300,1,0
BRDA:1678,301,0,0
BRDA:1678,301,1,0
BRDA:1687,302,0,0
BRDA:1687,302,1,0
BRDA:1687,302,2,0
BRDA:1689,303,0,0
BRDA:1689,303,1,0
BRDA:1689,303,2,0
BRDA:1694,304,0,0
BRDA:1694,304,1,0
BRDA:1695,305,0,0
BRDA:1695,305,1,0
BRDA:1696,306,0,0
BRDA:1696,306,1,0
BRDA:1700,307,0,0
BRDA:1700,307,1,0
BRDA:1702,308,0,0
BRDA:1702,308,1,0
BRDA:1705,309,0,0
BRDA:1705,309,1,0
BRDA:1708,310,0,0
BRDA:1708,310,1,0
BRDA:1710,311,0,0
BRDA:1710,311,1,0
BRDA:1717,312,0,0
BRDA:1717,312,1,0
BRDA:1719,313,0,0
BRDA:1719,313,1,0
BRDA:1722,314,0,0
BRDA:1722,314,1,0
BRDA:1725,315,0,0
BRDA:1725,315,1,0
BRDA:1727,316,0,0
BRDA:1727,316,1,0
BRDA:1730,317,0,0
BRDA:1730,317,1,0
BRDA:1737,318,0,0
BRDA:1737,318,1,0
BRDA:1739,319,0,0
BRDA:1739,319,1,0
BRDA:1742,320,0,0
BRDA:1742,320,1,0
BRDA:1745,321,0,0
BRDA:1745,321,1,0
BRDA:1745,322,0,0
BRDA:1745,322,1,0
BRDA:1747,323,0,0
BRDA:1747,323,1,0
BRDA:1750,324,0,0
BRDA:1750,324,1,0
BRDA:1757,325,0,0
BRDA:1757,325,1,0
BRDA:1759,326,0,0
BRDA:1759,326,1,0
BRDA:1762,327,0,0
BRDA:1762,327,1,0
BRDA:1765,328,0,0
BRDA:1765,328,1,0
BRDA:1767,329,0,0
BRDA:1767,329,1,0
BRDA:1770,330,0,0
BRDA:1770,330,1,0
BRDA:1777,331,0,0
BRDA:1777,331,1,0
BRDA:1779,332,0,0
BRDA:1779,332,1,0
BRDA:1782,333,0,0
BRDA:1782,333,1,0
BRDA:1785,334,0,0
BRDA:1785,334,1,0
BRDA:1787,335,0,0
BRDA:1787,335,1,0
BRDA:1790,336,0,0
BRDA:1790,336,1,0
BRDA:1800,337,0,0
BRDA:1800,337,1,0
BRDA:1803,338,0,0
BRDA:1803,338,1,0
BRDA:1804,339,0,0
BRDA:1804,339,1,0
BRDA:1807,340,0,0
BRDA:1807,340,1,0
BRDA:1812,341,0,0
BRDA:1812,341,1,0
BRDA:1812,342,0,0
BRDA:1812,342,1,0
BRDA:1814,343,0,0
BRDA:1814,343,1,0
BRDA:1817,344,0,0
BRDA:1817,344,1,0
BRDA:1817,345,0,0
BRDA:1817,345,1,0
BRDA:1820,346,0,0
BRDA:1820,346,1,0
BRDA:1820,347,0,0
BRDA:1820,347,1,0
BRDA:1823,348,0,0
BRDA:1823,348,1,0
BRDA:1823,349,0,0
BRDA:1823,349,1,0
BRDA:1826,350,0,0
BRDA:1826,350,1,0
BRDA:1826,351,0,0
BRDA:1826,351,1,0
BRDA:1829,352,0,0
BRDA:1829,352,1,0
BRDA:1829,353,0,0
BRDA:1829,353,1,0
BRDA:1845,354,0,0
BRDA:1845,354,1,0
BRDA:1845,355,0,0
BRDA:1845,355,1,0
BRDA:1848,356,0,0
BRDA:1848,356,1,0
BRDA:1848,357,0,0
BRDA:1848,357,1,0
BRDA:1851,358,0,0
BRDA:1851,358,1,0
BRDA:1856,359,0,0
BRDA:1856,359,1,0
BRDA:1858,360,0,0
BRDA:1858,360,1,0
BRDA:1860,361,0,0
BRDA:1860,361,1,0
BRDA:1861,362,0,0
BRDA:1861,362,1,0
BRDA:1863,363,0,0
BRDA:1863,363,1,0
BRDA:1863,364,0,0
BRDA:1863,364,1,0
BRDA:1863,365,0,0
BRDA:1863,365,1,0
BRDA:1867,366,0,0
BRDA:1867,366,1,0
BRDA:1868,367,0,0
BRDA:1868,367,1,0
BRDA:1873,368,0,0
BRDA:1873,368,1,0
BRDA:1875,369,0,0
BRDA:1875,369,1,0
BRDA:1877,370,0,0
BRDA:1877,370,1,0
BRDA:1878,371,0,0
BRDA:1878,371,1,0
BRDA:1880,372,0,0
BRDA:1880,372,1,0
BRDA:1880,373,0,0
BRDA:1880,373,1,0
BRDA:1880,374,0,0
BRDA:1880,374,1,0
BRDA:1884,375,0,0
BRDA:1884,375,1,0
BRDA:1889,376,0,0
BRDA:1889,376,1,0
BRDA:1890,377,0,0
BRDA:1890,377,1,0
BRDA:1895,378,0,0
BRDA:1895,378,1,0
BRDA:1897,379,0,0
BRDA:1897,379,1,0
BRDA:1899,380,0,0
BRDA:1899,380,1,0
BRDA:1900,381,0,0
BRDA:1900,381,1,0
BRDA:1902,382,0,0
BRDA:1902,382,1,0
BRDA:1907,383,0,0
BRDA:1907,383,1,0
BRDA:1909,384,0,0
BRDA:1909,384,1,0
BRDA:1924,385,0,0
BRDA:1924,385,1,0
BRDA:1925,386,0,0
BRDA:1925,386,1,0
BRDA:1926,387,0,0
BRDA:1926,387,1,0
BRDA:1935,388,0,0
BRDA:1935,388,1,0
BRDA:1935,388,2,0
BRDA:1938,389,0,0
BRDA:1938,389,1,0
BRDA:1941,390,0,0
BRDA:1941,390,1,0
BRDA:1943,391,0,0
BRDA:1943,391,1,0
BRDA:1944,392,0,0
BRDA:1944,392,1,0
BRDA:1947,393,0,0
BRDA:1947,393,1,0
BRDA:1956,394,0,0
BRDA:1956,394,1,0
BRDA:1956,394,2,0
BRDA:1958,395,0,0
BRDA:1958,395,1,0
BRDA:1958,395,2,0
BRDA:1971,396,0,0
BRDA:1971,396,1,0
BRDA:1980,397,0,0
BRDA:1980,397,1,0
BRDA:1983,398,0,0
BRDA:1983,398,1,0
BRDA:1991,399,0,0
BRDA:1991,399,1,0
BRDA:1997,400,0,0
BRDA:1997,400,1,0
BRDA:2003,401,0,0
BRDA:2003,401,1,0
BRDA:2005,402,0,0
BRDA:2005,402,1,0
BRDA:2007,403,0,0
BRDA:2007,403,1,0
BRDA:2019,404,0,0
BRDA:2019,404,1,0
BRDA:2047,405,0,0
BRDA:2047,405,1,0
BRDA:2051,406,0,0
BRDA:2051,406,1,0
BRDA:2099,407,0,0
BRDA:2099,407,1,0
BRDA:2105,408,0,0
BRDA:2105,408,1,0
BRDA:2117,409,0,0
BRDA:2117,409,1,0
BRDA:2117,409,2,0
BRDA:2119,410,0,0
BRDA:2119,410,1,0
BRDA:2120,411,0,0
BRDA:2120,411,1,0
BRDA:2124,412,0,0
BRDA:2124,412,1,0
BRDA:2125,413,0,0
BRDA:2125,413,1,0
BRDA:2129,414,0,0
BRDA:2129,414,1,0
BRDA:2131,415,0,0
BRDA:2131,415,1,0
BRDA:2140,416,0,0
BRDA:2140,416,1,0
BRDA:2146,417,0,0
BRDA:2146,417,1,0
BRDA:2148,418,0,0
BRDA:2148,418,1,0
BRDA:2157,419,0,0
BRDA:2157,419,1,0
BRDA:2163,420,0,0
BRDA:2163,420,1,0
BRDA:2165,421,0,0
BRDA:2165,421,1,0
BRDA:2174,422,0,0
BRDA:2174,422,1,0
BRDA:2180,423,0,0
BRDA:2180,423,1,0
BRDA:2182,424,0,0
BRDA:2182,424,1,0
BRDA:2191,425,0,0
BRDA:2191,425,1,0
BRDA:2197,426,0,0
BRDA:2197,426,1,0
BRDA:2200,427,0,0
BRDA:2200,427,1,0
BRDA:2202,428,0,0
BRDA:2202,428,1,0
BRDA:2211,429,0,0
BRDA:2211,429,1,0
BRDA:2217,430,0,0
BRDA:2217,430,1,0
BRDA:2220,431,0,0
BRDA:2220,431,1,0
BRDA:2222,432,0,0
BRDA:2222,432,1,0
BRDA:2227,433,0,0
BRDA:2227,433,1,0
BRDA:2233,434,0,0
BRDA:2233,434,1,0
BRDA:2241,435,0,0
BRDA:2241,435,1,0
BRDA:2249,436,0,0
BRDA:2249,436,1,0
BRDA:2257,437,0,0
BRDA:2257,437,1,0
BRDA:2260,438,0,0
BRDA:2260,438,1,0
BRDA:2262,439,0,0
BRDA:2262,439,1,0
BRDA:2267,440,0,0
BRDA:2267,440,1,0
BRDA:2273,441,0,0
BRDA:2273,441,1,0
BRDA:2281,442,0,0
BRDA:2281,442,1,0
BRDA:2289,443,0,0
BRDA:2289,443,1,0
BRDA:2302,444,0,0
BRDA:2302,444,1,0
BRDA:2313,445,0,0
BRDA:2313,445,1,0
BRDA:2313,445,2,0
BRDA:2315,446,0,0
BRDA:2315,446,1,0
BRDA:2316,447,0,0
BRDA:2316,447,1,0
BRDA:2320,448,0,0
BRDA:2320,448,1,0
BRDA:2321,449,0,0
BRDA:2321,449,1,0
BRDA:2325,450,0,0
BRDA:2325,450,1,0
BRDA:2327,451,0,0
BRDA:2327,451,1,0
BRDA:2336,452,0,0
BRDA:2336,452,1,0
BRDA:2336,453,0,0
BRDA:2336,453,1,0
BRDA:2339,454,0,0
BRDA:2339,454,1,0
BRDA:2340,455,0,0
BRDA:2340,455,1,0
BRDA:2347,456,0,0
BRDA:2347,456,1,0
BRDA:2349,457,0,0
BRDA:2349,457,1,0
BRDA:2355,458,0,0
BRDA:2355,458,1,0
BRDA:2357,459,0,0
BRDA:2357,459,1,0
BRDA:2358,460,0,0
BRDA:2358,460,1,0
BRDA:2364,461,0,0
BRDA:2364,461,1,0
BRDA:2366,462,0,0
BRDA:2366,462,1,0
BRDA:2372,463,0,0
BRDA:2372,463,1,0
BRDA:2372,464,0,0
BRDA:2372,464,1,0
BRDA:2375,465,0,0
BRDA:2375,465,1,0
BRDA:2375,466,0,0
BRDA:2375,466,1,0
BRDA:2384,467,0,0
BRDA:2384,467,1,0
BRDA:2386,468,0,0
BRDA:2386,468,1,0
BRDA:2393,469,0,0
BRDA:2393,469,1,0
BRDA:2393,470,0,0
BRDA:2393,470,1,0
BRDA:2393,471,0,0
BRDA:2393,471,1,0
BRDA:2393,472,0,0
BRDA:2393,472,1,0
BRDA:2399,473,0,0
BRDA:2399,473,1,0
BRDA:2399,474,0,0
BRDA:2399,474,1,0
BRDA:2399,475,0,0
BRDA:2399,475,1,0
BRDA:2399,476,0,0
BRDA:2399,476,1,0
BRDA:2409,477,0,0
BRDA:2409,477,1,0
BRDA:2411,478,0,0
BRDA:2411,478,1,0
BRDA:2417,479,0,0
BRDA:2417,479,1,0
BRDA:2420,480,0,0
BRDA:2420,480,1,0
BRDA:2423,481,0,0
BRDA:2423,481,1,0
BRDA:2430,482,0,0
BRDA:2430,482,1,0
BRDA:2432,483,0,0
BRDA:2432,483,1,0
BRDA:2444,484,0,0
BRDA:2444,484,1,0
BRDA:2446,485,0,0
BRDA:2446,485,1,0
BRDA:2458,486,0,0
BRDA:2458,486,1,0
BRDA:2460,487,0,0
BRDA:2460,487,1,0
BRDA:2472,488,0,0
BRDA:2472,488,1,0
BRDA:2474,489,0,0
BRDA:2474,489,1,0
BRDA:2490,490,0,0
BRDA:2490,490,1,0
BRDA:2501,491,0,0
BRDA:2501,491,1,0
BRDA:2501,491,2,0
BRDA:2506,492,0,0
BRDA:2506,492,1,0
BRDA:2506,492,2,0
BRDA:2516,493,0,0
BRDA:2516,493,1,0
BRDA:2524,494,0,0
BRDA:2524,494,1,0
BRDA:2538,495,0,0
BRDA:2538,495,1,0
BRDA:2539,496,0,0
BRDA:2539,496,1,0
BRDA:2542,497,0,0
BRDA:2542,497,1,0
BRDA:2549,498,0,0
BRDA:2549,498,1,0
BRDA:2552,499,0,0
BRDA:2552,499,1,0
BRDA:2558,500,0,0
BRDA:2558,500,1,0
BRDA:2564,501,0,0
BRDA:2564,501,1,0
BRDA:2565,502,0,0
BRDA:2565,502,1,0
BRF:1029
BRH:0
end_of_record
TN:
SF:src/App.simple.js
FN:3,App
FNF:1
FNH:0
FNDA:0,App
DA:4,0
LF:1
LH:0
BRF:0
BRH:0
end_of_record
TN:
SF:src/config.js
FNF:0
FNH:0
DA:10,6
DA:11,6
LF:2
LH:2
BRDA:10,0,0,6
BRDA:10,0,1,0
BRDA:11,1,0,6
BRDA:11,1,1,0
BRF:4
BRH:2
end_of_record
TN:
SF:src/index.js
FNF:0
FNH:0
DA:8,0
DA:9,0
DA:13,0
DA:23,0
DA:24,0
LF:5
LH:0
BRDA:8,0,0,0
BRDA:8,0,1,0
BRDA:8,1,0,0
BRDA:8,1,1,0
BRF:4
BRH:0
end_of_record
TN:
SF:src/components/ErrorBanner.js
FN:13,(anonymous_0)
FN:17,(anonymous_1)
FNF:2
FNH:2
FNDA:10,(anonymous_0)
FNDA:9,(anonymous_1)
DA:13,1
DA:14,10
DA:17,9
DA:18,9
DA:20,1
DA:22,1
DA:24,1
DA:26,1
DA:28,5
DA:33,9
DA:35,9
LF:11
LH:11
BRDA:13,0,0,6
BRDA:14,1,0,1
BRDA:14,1,1,9
BRDA:18,2,0,1
BRDA:18,2,1,1
BRDA:18,2,2,1
BRDA:18,2,3,1
BRDA:18,2,4,5
BRDA:33,3,0,7
BRDA:33,3,1,2
BRDA:33,4,0,2
BRDA:33,4,1,1
BRDA:44,5,0,9
BRDA:44,5,1,1
BRF:14
BRH:14
end_of_record
TN:
SF:src/components/IngestionStatusPanel.js
FN:30,(anonymous_0)
FN:33,(anonymous_1)
FN:39,(anonymous_2)
FN:40,(anonymous_3)
FN:46,(anonymous_4)
FN:157,(anonymous_5)
FN:161,(anonymous_6)
FN:162,(anonymous_7)
FNF:8
FNH:5
FNDA:9,(anonymous_0)
FNDA:39,(anonymous_1)
FNDA:37,(anonymous_2)
FNDA:37,(anonymous_3)
FNDA:9,(anonymous_4)
FNDA:0,(anonymous_5)
FNDA:0,(anonymous_6)
FNDA:0,(anonymous_7)
DA:30,1
DA:32,9
DA:33,9
DA:34,39
DA:38,9
DA:39,37
DA:40,37
DA:41,9
DA:46,9
DA:47,9
DA:48,1
DA:49,8
DA:50,6
DA:52,2
DA:56,9
DA:57,9
DA:60,9
DA:61,1
DA:65,8
DA:66,0
DA:112,8
DA:114,8
DA:157,0
DA:161,0
DA:162,0
DA:173,1
LF:26
LH:22
BRDA:41,0,0,8
BRDA:41,0,1,1
BRDA:47,1,0,1
BRDA:47,1,1,8
BRDA:49,2,0,6
BRDA:49,2,1,2
BRDA:60,3,0,1
BRDA:60,3,1,8
BRDA:65,4,0,0
BRDA:65,4,1,8
BRDA:65,5,0,8
BRDA:65,5,1,0
BRDA:150,6,0,8
BRDA:150,6,1,8
BRF:14
BRH:12
end_of_record
TN:
SF:src/components/ModelQualityPanel.js
FN:29,(anonymous_0)
FN:96,(anonymous_1)
FN:100,(anonymous_2)
FN:103,(anonymous_3)
FN:104,(anonymous_4)
FNF:5
FNH:1
FNDA:8,(anonymous_0)
FNDA:0,(anonymous_1)
FNDA:0,(anonymous_2)
FNDA:0,(anonymous_3)
FNDA:0,(anonymous_4)
DA:29,1
DA:31,8
DA:34,8
DA:37,8
DA:38,8
DA:39,8
DA:42,8
DA:43,1
DA:46,7
DA:96,0
DA:100,0
DA:103,0
DA:104,0
DA:131,1
LF:14
LH:10
BRDA:31,0,0,7
BRDA:31,0,1,1
BRDA:37,1,0,8
BRDA:37,1,1,7
BRDA:38,2,0,8
BRDA:38,2,1,7
BRDA:39,3,0,8
BRDA:39,3,1,6
BRDA:42,4,0,1
BRDA:42,4,1,7
BRDA:49,5,0,7
BRDA:49,5,1,3
BRDA:62,6,0,3
BRDA:62,6,1,2
BRDA:63,7,0,3
BRDA:63,7,1,2
BRDA:89,8,0,7
BRDA:89,8,1,4
BRDA:106,9,0,0
BRDA:106,9,1,0
BRF:20
BRH:18
end_of_record
TN:
SF:src/components/RecommendationsTable.js
FN:19,(anonymous_0)
FN:29,(anonymous_1)
FN:30,(anonymous_2)
FN:76,(anonymous_3)
FN:85,(anonymous_4)
FN:111,(anonymous_5)
FN:120,(anonymous_6)
FN:129,(anonymous_7)
FN:138,(anonymous_8)
FN:148,(anonymous_9)
FN:157,(anonymous_10)
FN:164,(anonymous_11)
FN:165,(anonymous_12)
FN:172,(anonymous_13)
FN:173,(anonymous_14)
FN:231,(anonymous_15)
FN:231,(anonymous_16)
FN:257,(anonymous_17)
FN:257,(anonymous_18)
FN:279,(anonymous_19)
FNF:20
FNH:4
FNDA:15,(anonymous_0)
FNDA:10,(anonymous_1)
FNDA:30,(anonymous_2)
FNDA:0,(anonymous_3)
FNDA:0,(anonymous_4)
FNDA:0,(anonymous_5)
FNDA:0,(anonymous_6)
FNDA:0,(anonymous_7)
FNDA:0,(anonymous_8)
FNDA:38,(anonymous_9)
FNDA:0,(anonymous_10)
FNDA:0,(anonymous_11)
FNDA:0,(anonymous_12)
FNDA:0,(anonymous_13)
FNDA:0,(anonymous_14)
FNDA:0,(anonymous_15)
FNDA:0,(anonymous_16)
FNDA:0,(anonymous_17)
FNDA:0,(anonymous_18)
FNDA:0,(anonymous_19)
DA:19,1
DA:20,15
DA:21,15
DA:22,15
DA:23,15
DA:25,15
DA:26,15
DA:29,15
DA:30,10
DA:33,30
DA:35,0
DA:36,0
DA:37,0
DA:42,30
DA:43,30
DA:44,30
DA:47,0
DA:48,0
DA:49,0
DA:52,0
DA:53,0
DA:54,0
DA:59,0
DA:62,30
DA:65,10
DA:69,15
DA:70,15
DA:71,15
DA:72,15
DA:76,15
DA:77,0
DA:78,0
DA:80,0
DA:81,0
DA:85,15
DA:87,0
DA:88,0
DA:90,0
DA:93,15
DA:94,0
DA:97,15
DA:111,0
DA:120,0
DA:129,0
DA:138,0
DA:149,38
DA:150,38
DA:151,38
DA:152,38
DA:154,38
DA:157,0
DA:164,0
DA:165,0
DA:172,0
DA:173,0
DA:231,0
DA:257,0
DA:279,0
DA:286,1
LF:59
LH:29
BRDA:33,0,0,0
BRDA:33,0,1,30
BRDA:33,0,2,0
BRDA:33,0,3,0
BRDA:33,0,4,0
BRDA:35,1,0,0
BRDA:35,1,1,0
BRDA:36,2,0,0
BRDA:36,2,1,0
BRDA:37,3,0,0
BRDA:37,3,1,0
BRDA:42,4,0,30
BRDA:42,4,1,5
BRDA:42,4,2,0
BRDA:43,5,0,30
BRDA:43,5,1,5
BRDA:43,5,2,0
BRDA:47,6,0,0
BRDA:47,6,1,0
BRDA:47,6,2,0
BRDA:48,7,0,0
BRDA:48,7,1,0
BRDA:48,7,2,0
BRDA:52,8,0,0
BRDA:52,8,1,0
BRDA:53,9,0,0
BRDA:53,9,1,0
BRDA:54,10,0,0
BRDA:54,10,1,0
BRDA:62,11,0,0
BRDA:62,11,1,30
BRDA:72,12,0,0
BRDA:72,12,1,15
BRDA:77,13,0,0
BRDA:77,13,1,0
BRDA:78,14,0,0
BRDA:78,14,1,0
BRDA:87,15,0,0
BRDA:87,15,1,0
BRDA:87,16,0,0
BRDA:87,16,1,0
BRDA:93,17,0,0
BRDA:93,17,1,15
BRDA:103,18,0,15
BRDA:103,18,1,0
BRDA:150,19,0,38
BRDA:150,19,1,5
BRDA:150,19,2,0
BRDA:151,20,0,38
BRDA:151,20,1,5
BRDA:151,20,2,0
BRDA:152,21,0,38
BRDA:152,21,1,38
BRDA:162,22,0,0
BRDA:162,22,1,38
BRDA:164,23,0,0
BRDA:164,23,1,0
BRDA:165,24,0,0
BRDA:165,24,1,0
BRDA:167,25,0,38
BRDA:167,25,1,0
BRDA:182,26,0,38
BRDA:182,26,1,0
BRDA:183,27,0,38
BRDA:183,27,1,0
BRDA:200,28,0,38
BRDA:200,28,1,0
BRDA:206,29,0,38
BRDA:206,29,1,0
BRDA:216,30,0,15
BRDA:216,30,1,0
BRDA:216,30,2,0
BRDA:237,31,0,0
BRDA:237,31,1,0
BRDA:238,32,0,0
BRDA:238,32,1,0
BRDA:263,33,0,0
BRDA:263,33,1,0
BRDA:264,34,0,0
BRDA:264,34,1,0
BRDA:276,35,0,15
BRDA:276,35,1,0
BRF:82
BRH:23
end_of_record
TN:
SF:src/components/SystemStatusPanel.js
FN:17,(anonymous_0)
FN:19,(anonymous_1)
FN:23,(anonymous_2)
FNF:3
FNH:3
FNDA:11,(anonymous_0)
FNDA:24,(anonymous_1)
FNDA:24,(anonymous_2)
DA:17,1
DA:19,11
DA:20,24
DA:22,11
DA:23,24
DA:27,11
DA:30,11
DA:32,11
DA:36,11
DA:39,11
DA:41,11
DA:78,1
LF:12
LH:12
BRDA:22,0,0,3
BRDA:22,0,1,8
BRDA:27,1,0,4
BRDA:27,1,1,7
BRDA:32,2,0,11
BRDA:32,2,1,4
BRDA:32,2,2,3
BRDA:36,3,0,11
BRDA:36,3,1,4
BRDA:36,3,2,3
BRDA:46,4,0,2
BRDA:46,4,1,9
BRDA:56,5,0,2
BRDA:56,5,1,9
BRDA:58,6,0,2
BRDA:58,6,1,7
BRDA:68,7,0,2
BRDA:68,7,1,9
BRF:18
BRH:18
end_of_record
TN:
SF:src/components/auth/ProtectedRoute.tsx
FN:9,(anonymous_0)
FNF:1
FNH:0
FNDA:0,(anonymous_0)
DA:9,0
DA:10,0
DA:12,0
DA:13,0
DA:21,0
DA:22,0
DA:30,0
DA:31,0
DA:32,0
DA:33,0
DA:42,0
LF:11
LH:0
BRDA:12,0,0,0
BRDA:12,0,1,0
BRDA:21,1,0,0
BRDA:21,1,1,0
BRDA:30,2,0,0
BRDA:30,2,1,0
BRDA:30,3,0,0
BRDA:30,3,1,0
BRDA:32,4,0,0
BRDA:32,4,1,0
BRF:10
BRH:0
end_of_record
TN:
SF:src/components/backtesting/BacktestConfig.tsx
FN:31,(anonymous_0)
FN:54,(anonymous_1)
FN:59,(anonymous_2)
FN:60,(anonymous_3)
FN:108,(anonymous_4)
FN:136,(anonymous_5)
FN:164,(anonymous_6)
FN:193,(anonymous_7)
FN:223,(anonymous_8)
FN:252,(anonymous_9)
FN:283,(anonymous_10)
FNF:11
FNH:2
FNDA:4,(anonymous_0)
FNDA:1,(anonymous_1)
FNDA:0,(anonymous_2)
FNDA:0,(anonymous_3)
FNDA:0,(anonymous_4)
FNDA:0,(anonymous_5)
FNDA:0,(anonymous_6)
FNDA:0,(anonymous_7)
FNDA:0,(anonymous_8)
FNDA:0,(anonymous_9)
FNDA:0,(anonymous_10)
DA:31,1
DA:36,4
DA:46,4
DA:54,4
DA:55,1
DA:56,1
DA:59,4
DA:60,0
DA:63,4
DA:108,0
DA:136,0
DA:164,0
DA:193,0
DA:223,0
DA:252,0
DA:283,0
LF:16
LH:8
BRDA:33,0,0,2
BRDA:34,1,0,4
BRDA:47,2,0,0
BRDA:47,2,1,4
BRDA:48,3,0,0
BRDA:48,3,1,4
BRDA:49,4,0,0
BRDA:49,4,1,4
BRDA:50,5,0,0
BRDA:50,5,1,4
BRDA:51,6,0,0
BRDA:51,6,1,4
BRDA:76,7,0,0
BRDA:76,7,1,4
BRDA:307,8,0,1
BRDA:307,8,1,3
BRDA:313,9,0,1
BRDA:313,9,1,3
BRDA:321,10,0,1
BRDA:321,10,1,3
BRF:20
BRH:14
end_of_record
TN:
SF:src/components/backtesting/BacktestingTab.tsx
FN:108,(anonymous_0)
FN:121,(anonymous_1)
FNF:2
FNH:0
FNDA:0,(anonymous_0)
FNDA:0,(anonymous_1)
DA:108,0
DA:109,0
DA:110,0
DA:111,0
DA:113,0
DA:121,0
DA:122,0
DA:123,0
DA:125,0
DA:126,0
DA:134,0
DA:135,0
DA:138,0
DA:139,0
DA:141,0
DA:143,0
DA:147,0
LF:17
LH:0
BRDA:108,0,0,0
BRDA:114,1,0,0
BRDA:114,1,1,0
BRDA:115,2,0,0
BRDA:115,2,1,0
BRDA:116,3,0,0
BRDA:116,3,1,0
BRDA:117,4,0,0
BRDA:117,4,1,0
BRDA:118,5,0,0
BRDA:118,5,1,0
BRDA:134,6,0,0
BRDA:134,6,1,0
BRDA:141,7,0,0
BRDA:141,7,1,0
BRDA:177,8,0,0
BRDA:177,8,1,0
BRDA:191,9,0,0
BRDA:191,9,1,0
BRDA:265,10,0,0
BRDA:265,10,1,0
BRDA:265,10,2,0
BRDA:265,10,3,0
BRF:23
BRH:0
end_of_record
TN:
SF:src/components/backtesting/BenchmarkComparisonChart.tsx
FN:44,(anonymous_0)
FN:59,(anonymous_1)
FN:76,(anonymous_2)
FN:149,(anonymous_3)
FN:158,(anonymous_4)
FNF:5
FNH:0
FNDA:0,(anonymous_0)
FNDA:0,(anonymous_1)
FNDA:0,(anonymous_2)
FNDA:0,(anonymous_3)
FNDA:0,(anonymous_4)
DA:44,0
DA:49,0
DA:58,0
DA:59,0
DA:60,0
DA:62,0
DA:63,0
DA:65,0
DA:76,0
DA:77,0
DA:80,0
DA:149,0
DA:158,0
LF:13
LH:0
BRDA:47,0,0,0
BRDA:50,1,0,0
BRDA:50,1,1,0
BRDA:51,2,0,0
BRDA:51,2,1,0
BRDA:52,3,0,0
BRDA:52,3,1,0
BRDA:53,4,0,0
BRDA:53,4,1,0
BRDA:54,5,0,0
BRDA:54,5,1,0
BRDA:58,6,0,0
BRDA:58,6,1,0
BRDA:93,7,0,0
BRDA:93,7,1,0
BRDA:111,8,0,0
BRDA:111,8,1,0
BRDA:113,9,0,0
BRDA:113,9,1,0
BRDA:117,10,0,0
BRDA:117,10,1,0
BRDA:123,11,0,0
BRDA:123,11,1,0
BRDA:129,12,0,0
BRDA:129,12,1,0
BRF:25
BRH:0
end_of_record
TN:
SF:src/components/backtesting/PerformanceMetricsTable.tsx
FN:37,(anonymous_0)
FN:49,(anonymous_1)
FN:57,(anonymous_2)
FN:104,(anonymous_3)
FNF:4
FNH:0
FNDA:0,(anonymous_0)
FNDA:0,(anonymous_1)
FNDA:0,(anonymous_2)
FNDA:0,(anonymous_3)
DA:37,0
DA:41,0
DA:49,0
DA:50,0
DA:57,0
DA:58,0
DA:61,0
DA:75,0
DA:105,0
LF:9
LH:0
BRDA:39,0,0,0
BRDA:42,1,0,0
BRDA:42,1,1,0
BRDA:43,2,0,0
BRDA:43,2,1,0
BRDA:44,3,0,0
BRDA:44,3,1,0
BRDA:45,4,0,0
BRDA:45,4,1,0
BRDA:46,5,0,0
BRDA:46,5,1,0
BRDA:57,6,0,0
BRDA:88,7,0,0
BRDA:88,7,1,0
BRF:14
BRH:0
end_of_record
TN:
SF:src/components/backtesting/PortfolioValueChart.tsx
FN:27,(anonymous_0)
FN:39,(anonymous_1)
FN:47,(anonymous_2)
FN:100,(anonymous_3)
FNF:4
FNH:0
FNDA:0,(anonymous_0)
FNDA:0,(anonymous_1)
FNDA:0,(anonymous_2)
FNDA:0,(anonymous_3)
DA:27,0
DA:31,0
DA:39,0
DA:47,0
DA:48,0
DA:56,0
DA:100,0
LF:7
LH:0
BRDA:29,0,0,0
BRDA:32,1,0,0
BRDA:32,1,1,0
BRDA:33,2,0,0
BRDA:33,2,1,0
BRDA:34,3,0,0
BRDA:34,3,1,0
BRDA:35,4,0,0
BRDA:35,4,1,0
BRDA:36,5,0,0
BRDA:36,5,1,0
BRDA:69,6,0,0
BRDA:69,6,1,0
BRF:13
BRH:0
end_of_record
TN:
SF:src/components/backtesting/RiskAnalysis.tsx
FN:38,(anonymous_0)
FN:52,(anonymous_1)
FN:60,(anonymous_2)
FN:64,(anonymous_3)
FN:208,(anonymous_4)
FN:217,(anonymous_5)
FNF:6
FNH:0
FNDA:0,(anonymous_0)
FNDA:0,(anonymous_1)
FNDA:0,(anonymous_2)
FNDA:0,(anonymous_3)
FNDA:0,(anonymous_4)
FNDA:0,(anonymous_5)
DA:38,0
DA:43,0
DA:52,0
DA:53,0
DA:60,0
DA:61,0
DA:64,0
DA:72,0
DA:208,0
DA:217,0
LF:10
LH:0
BRDA:41,0,0,0
BRDA:44,1,0,0
BRDA:44,1,1,0
BRDA:45,2,0,0
BRDA:45,2,1,0
BRDA:46,3,0,0
BRDA:46,3,1,0
BRDA:47,4,0,0
BRDA:47,4,1,0
BRDA:48,5,0,0
BRDA:48,5,1,0
BRDA:49,6,0,0
BRDA:49,6,1,0
BRDA:61,7,0,0
BRDA:61,7,1,0
BRDA:62,8,0,0
BRDA:62,8,1,0
BRDA:85,9,0,0
BRDA:85,9,1,0
BRF:19
BRH:0
end_of_record
TN:
SF:src/components/backtesting/SankeyDiagram.tsx
FN:41,(anonymous_0)
FN:69,(anonymous_1)
FN:81,(anonymous_2)
FN:93,(anonymous_3)
FN:123,(anonymous_4)
FN:124,(anonymous_5)
FN:134,(anonymous_6)
FN:138,(anonymous_7)
FN:141,(anonymous_8)
FN:144,(anonymous_9)
FN:148,(anonymous_10)
FN:160,(anonymous_11)
FN:161,(anonymous_12)
FN:162,(anonymous_13)
FN:163,(anonymous_14)
FN:164,(anonymous_15)
FN:167,(anonymous_16)
FN:175,(anonymous_17)
FN:176,(anonymous_18)
FN:178,(anonymous_19)
FN:182,(anonymous_20)
FNF:21
FNH:0
FNDA:0,(anonymous_0)
FNDA:0,(anonymous_1)
FNDA:0,(anonymous_2)
FNDA:0,(anonymous_3)
FNDA:0,(anonymous_4)
FNDA:0,(anonymous_5)
FNDA:0,(anonymous_6)
FNDA:0,(anonymous_7)
FNDA:0,(anonymous_8)
FNDA:0,(anonymous_9)
FNDA:0,(anonymous_10)
FNDA:0,(anonymous_11)
FNDA:0,(anonymous_12)
FNDA:0,(anonymous_13)
FNDA:0,(anonymous_14)
FNDA:0,(anonymous_15)
FNDA:0,(anonymous_16)
FNDA:0,(anonymous_17)
FNDA:0,(anonymous_18)
FNDA:0,(anonymous_19)
FNDA:0,(anonymous_20)
DA:41,0
DA:46,0
DA:47,0
DA:49,0
DA:56,0
DA:69,0
DA:70,0
DA:73,0
DA:76,0
DA:77,0
DA:78,0
DA:81,0
DA:82,0
DA:83,0
DA:84,0
DA:86,0
DA:87,0
DA:88,0
DA:93,0
DA:94,0
DA:95,0
DA:96,0
DA:97,0
DA:106,0
DA:107,0
DA:108,0
DA:110,0
DA:117,0
DA:122,0
DA:123,0
DA:124,0
DA:128,0
DA:135,0
DA:136,0
DA:138,0
DA:142,0
DA:145,0
DA:149,0
DA:150,0
DA:151,0
DA:155,0
DA:160,0
DA:161,0
DA:162,0
DA:163,0
DA:164,0
DA:167,0
DA:170,0
DA:175,0
DA:176,0
DA:178,0
DA:182,0
DA:186,0
LF:53
LH:0
BRDA:44,0,0,0
BRDA:50,1,0,0
BRDA:50,1,1,0
BRDA:51,2,0,0
BRDA:51,2,1,0
BRDA:52,3,0,0
BRDA:52,3,1,0
BRDA:53,4,0,0
BRDA:53,4,1,0
BRDA:70,5,0,0
BRDA:70,5,1,0
BRDA:70,6,0,0
BRDA:70,6,1,0
BRDA:70,6,2,0
BRDA:82,7,0,0
BRDA:82,7,1,0
BRDA:86,8,0,0
BRDA:86,8,1,0
BRDA:96,9,0,0
BRDA:96,9,1,0
BRDA:96,10,0,0
BRDA:96,10,1,0
BRDA:136,11,0,0
BRDA:136,11,1,0
BRDA:138,12,0,0
BRDA:138,12,1,0
BRDA:160,13,0,0
BRDA:160,13,1,0
BRDA:161,14,0,0
BRDA:161,14,1,0
BRDA:162,15,0,0
BRDA:162,15,1,0
BRDA:162,16,0,0
BRDA:162,16,1,0
BRDA:163,17,0,0
BRDA:163,17,1,0
BRDA:163,18,0,0
BRDA:163,18,1,0
BRDA:164,19,0,0
BRDA:164,19,1,0
BRDA:167,20,0,0
BRDA:167,20,1,0
BRDA:175,21,0,0
BRDA:175,21,1,0
BRDA:175,22,0,0
BRDA:175,22,1,0
BRDA:175,23,0,0
BRDA:175,23,1,0
BRDA:175,24,0,0
BRDA:175,24,1,0
BRDA:176,25,0,0
BRDA:176,25,1,0
BRDA:176,26,0,0
BRDA:176,26,1,0
BRDA:178,27,0,0
BRDA:178,27,1,0
BRDA:178,28,0,0
BRDA:178,28,1,0
BRDA:199,29,0,0
BRDA:199,29,1,0
BRDA:214,30,0,0
BRDA:214,30,1,0
BRF:62
BRH:0
end_of_record
TN:
SF:src/components/backtesting/ScenarioAnalysis.tsx
FN:38,(anonymous_0)
FN:60,(anonymous_1)
FN:97,(anonymous_2)
FN:149,(anonymous_3)
FN:170,(anonymous_4)
FN:191,(anonymous_5)
FN:212,(anonymous_6)
FN:289,(anonymous_7)
FNF:8
FNH:0
FNDA:0,(anonymous_0)
FNDA:0,(anonymous_1)
FNDA:0,(anonymous_2)
FNDA:0,(anonymous_3)
FNDA:0,(anonymous_4)
FNDA:0,(anonymous_5)
FNDA:0,(anonymous_6)
FNDA:0,(anonymous_7)
DA:38,0
DA:42,0
DA:43,0
DA:49,0
DA:51,0
DA:60,0
DA:61,0
DA:63,0
DA:64,0
DA:66,0
DA:75,0
DA:76,0
DA:77,0
DA:82,0
DA:83,0
DA:91,0
DA:93,0
DA:97,0
DA:98,0
DA:105,0
DA:149,0
DA:170,0
DA:191,0
DA:212,0
DA:290,0
LF:25
LH:0
BRDA:40,0,0,0
BRDA:52,1,0,0
BRDA:52,1,1,0
BRDA:53,2,0,0
BRDA:53,2,1,0
BRDA:54,3,0,0
BRDA:54,3,1,0
BRDA:55,4,0,0
BRDA:55,4,1,0
BRDA:56,5,0,0
BRDA:56,5,1,0
BRDA:57,6,0,0
BRDA:57,6,1,0
BRDA:61,7,0,0
BRDA:61,7,1,0
BRDA:75,8,0,0
BRDA:75,8,1,0
BRDA:118,9,0,0
BRDA:118,9,1,0
BRDA:229,10,0,0
BRDA:229,10,1,0
BRDA:232,11,0,0
BRDA:232,11,1,0
BRDA:232,12,0,0
BRDA:232,12,1,0
BRDA:238,13,0,0
BRDA:238,13,1,0
BRDA:238,14,0,0
BRDA:238,14,1,0
BRDA:245,15,0,0
BRDA:245,15,1,0
BRDA:250,16,0,0
BRDA:250,16,1,0
BRDA:295,17,0,0
BRDA:295,17,1,0
BRDA:298,18,0,0
BRDA:298,18,1,0
BRDA:301,19,0,0
BRDA:301,19,1,0
BRDA:311,20,0,0
BRDA:311,20,1,0
BRF:41
BRH:0
end_of_record
TN:
SF:src/components/backtesting/StressTesting.tsx
FN:56,(anonymous_0)
FN:107,(anonymous_1)
FN:132,(anonymous_2)
FN:133,(anonymous_3)
FN:135,(anonymous_4)
FN:140,(anonymous_5)
FN:149,(anonymous_6)
FN:194,(anonymous_7)
FN:212,(anonymous_8)
FN:275,(anonymous_9)
FNF:10
FNH:0
FNDA:0,(anonymous_0)
FNDA:0,(anonymous_1)
FNDA:0,(anonymous_2)
FNDA:0,(anonymous_3)
FNDA:0,(anonymous_4)
FNDA:0,(anonymous_5)
FNDA:0,(anonymous_6)
FNDA:0,(anonymous_7)
FNDA:0,(anonymous_8)
FNDA:0,(anonymous_9)
DA:56,0
DA:60,0
DA:61,0
DA:62,0
DA:64,0
DA:72,0
DA:107,0
DA:108,0
DA:110,0
DA:111,0
DA:112,0
DA:121,0
DA:122,0
DA:123,0
DA:126,0
DA:128,0
DA:132,0
DA:133,0
DA:134,0
DA:135,0
DA:140,0
DA:141,0
DA:149,0
DA:150,0
DA:157,0
DA:195,0
DA:212,0
DA:276,0
LF:28
LH:0
BRDA:58,0,0,0
BRDA:65,1,0,0
BRDA:65,1,1,0
BRDA:66,2,0,0
BRDA:66,2,1,0
BRDA:67,3,0,0
BRDA:67,3,1,0
BRDA:68,4,0,0
BRDA:68,4,1,0
BRDA:69,5,0,0
BRDA:69,5,1,0
BRDA:108,6,0,0
BRDA:108,6,1,0
BRDA:121,7,0,0
BRDA:121,7,1,0
BRDA:134,8,0,0
BRDA:134,8,1,0
BRDA:170,9,0,0
BRDA:170,9,1,0
BRDA:204,10,0,0
BRDA:204,10,1,0
BRDA:229,11,0,0
BRDA:229,11,1,0
BRDA:232,12,0,0
BRDA:232,12,1,0
BRDA:232,13,0,0
BRDA:232,13,1,0
BRDA:238,14,0,0
BRDA:238,14,1,0
BRDA:238,15,0,0
BRDA:238,15,1,0
BRDA:245,16,0,0
BRDA:245,16,1,0
BRDA:250,17,0,0
BRDA:250,17,1,0
BRDA:316,18,0,0
BRDA:316,18,1,0
BRDA:316,18,2,0
BRF:38
BRH:0
end_of_record
TN:
SF:src/components/backtesting/WaterfallChart.tsx
FN:31,(anonymous_0)
FN:47,(anonymous_1)
FN:55,(anonymous_2)
FN:60,(anonymous_3)
FN:87,(anonymous_4)
FN:121,(anonymous_5)
FN:126,(anonymous_6)
FN:141,(anonymous_7)
FN:152,(anonymous_8)
FN:153,(anonymous_9)
FN:155,(anonymous_10)
FN:156,(anonymous_11)
FN:168,(anonymous_12)
FN:169,(anonymous_13)
FN:174,(anonymous_14)
FNF:15
FNH:0
FNDA:0,(anonymous_0)
FNDA:0,(anonymous_1)
FNDA:0,(anonymous_2)
FNDA:0,(anonymous_3)
FNDA:0,(anonymous_4)
FNDA:0,(anonymous_5)
FNDA:0,(anonymous_6)
FNDA:0,(anonymous_7)
FNDA:0,(anonymous_8)
FNDA:0,(anonymous_9)
FNDA:0,(anonymous_10)
FNDA:0,(anonymous_11)
FNDA:0,(anonymous_12)
FNDA:0,(anonymous_13)
FNDA:0,(anonymous_14)
DA:31,0
DA:37,0
DA:38,0
DA:40,0
DA:47,0
DA:48,0
DA:51,0
DA:54,0
DA:55,0
DA:59,0
DA:60,0
DA:62,0
DA:63,0
DA:73,0
DA:75,0
DA:78,0
DA:87,0
DA:88,0
DA:89,0
DA:96,0
DA:100,0
DA:109,0
DA:110,0
DA:111,0
DA:113,0
DA:120,0
DA:121,0
DA:125,0
DA:126,0
DA:131,0
DA:140,0
DA:141,0
DA:147,0
DA:152,0
DA:153,0
DA:155,0
DA:157,0
DA:158,0
DA:163,0
DA:168,0
DA:169,0
DA:175,0
DA:176,0
DA:178,0
DA:183,0
LF:45
LH:0
BRDA:35,0,0,0
BRDA:41,1,0,0
BRDA:41,1,1,0
BRDA:42,2,0,0
BRDA:42,2,1,0
BRDA:43,3,0,0
BRDA:43,3,1,0
BRDA:44,4,0,0
BRDA:44,4,1,0
BRDA:48,5,0,0
BRDA:48,5,1,0
BRDA:48,6,0,0
BRDA:48,6,1,0
BRDA:62,7,0,0
BRDA:62,7,1,0
BRDA:126,8,0,0
BRDA:126,8,1,0
BRDA:152,9,0,0
BRDA:152,9,1,0
BRDA:157,10,0,0
BRDA:157,10,1,0
BRDA:158,11,0,0
BRDA:158,11,1,0
BRDA:168,12,0,0
BRDA:168,12,1,0
BRDA:175,13,0,0
BRDA:175,13,1,0
BRDA:178,14,0,0
BRDA:178,14,1,0
BRDA:196,15,0,0
BRDA:196,15,1,0
BRF:31
BRH:0
end_of_record
TN:
SF:src/components/backtesting/index.ts
FNF:0
FNH:0
LF:0
LH:0
BRF:0
BRH:0
end_of_record
TN:
SF:src/components/charts/AccessibleChart.tsx
FN:26,AccessibleChart
FNF:1
FNH:0
FNDA:0,AccessibleChart
DA:39,0
DA:40,0
DA:43,0
DA:48,0
DA:108,0
DA:109,0
DA:123,0
LF:7
LH:0
BRDA:40,0,0,0
BRDA:40,0,1,0
BRDA:43,1,0,0
BRDA:43,1,1,0
BRDA:43,2,0,0
BRDA:43,2,1,0
BRDA:49,3,0,0
BRDA:49,3,1,0
BRDA:108,4,0,0
BRDA:108,4,1,0
BRDA:108,5,0,0
BRDA:108,5,1,0
BRDA:108,5,2,0
BRDA:108,5,3,0
BRDA:108,5,4,0
BRF:15
BRH:0
end_of_record
TN:
SF:src/components/charts/BarChart.tsx
FN:28,(anonymous_0)
FN:119,(anonymous_1)
FNF:2
FNH:0
FNDA:0,(anonymous_0)
FNDA:0,(anonymous_1)
DA:28,0
DA:45,0
DA:46,0
DA:47,0
DA:49,0
DA:51,0
DA:120,0
LF:7
LH:0
BRDA:33,0,0,0
BRDA:34,1,0,0
BRDA:35,2,0,0
BRDA:38,3,0,0
BRDA:39,4,0,0
BRDA:42,5,0,0
BRDA:49,6,0,0
BRDA:49,6,1,0
BRDA:64,7,0,0
BRDA:64,7,1,0
BRDA:68,8,0,0
BRDA:68,8,1,0
BRDA:74,9,0,0
BRDA:74,9,1,0
BRDA:101,10,0,0
BRDA:101,10,1,0
BRDA:111,11,0,0
BRDA:111,11,1,0
BRF:18
BRH:0
end_of_record
TN:
SF:src/components/charts/BaseChart.tsx
FN:11,(anonymous_0)
FNF:1
FNH:0
FNDA:0,(anonymous_0)
DA:11,0
DA:20,0
DA:21,0
DA:31,0
DA:32,0
DA:47,0
LF:6
LH:0
BRDA:17,0,0,0
BRDA:18,1,0,0
BRDA:20,2,0,0
BRDA:20,2,1,0
BRDA:31,3,0,0
BRDA:31,3,1,0
BRDA:48,4,0,0
BRDA:48,4,1,0
BRDA:49,5,0,0
BRDA:49,5,1,0
BRDA:49,5,2,0
BRDA:51,6,0,0
BRDA:51,6,1,0
BRDA:52,7,0,0
BRDA:52,7,1,0
BRF:15
BRH:0
end_of_record
TN:
SF:src/components/charts/BenchmarkComparisonChart.tsx
FN:51,(anonymous_0)
FN:95,(anonymous_1)
FN:101,(anonymous_2)
FN:122,(anonymous_3)
FN:128,(anonymous_4)
FN:215,(anonymous_5)
FNF:6
FNH:0
FNDA:0,(anonymous_0)
FNDA:0,(anonymous_1)
FNDA:0,(anonymous_2)
FNDA:0,(anonymous_3)
FNDA:0,(anonymous_4)
FNDA:0,(anonymous_5)
DA:51,0
DA:58,0
DA:60,0
DA:95,0
DA:96,0
DA:98,0
DA:102,0
DA:110,0
DA:122,0
DA:128,0
DA:216,0
LF:11
LH:0
BRDA:53,0,0,0
BRDA:56,1,0,0
BRDA:96,2,0,0
BRDA:96,2,1,0
BRDA:96,3,0,0
BRDA:96,3,1,0
BRDA:121,4,0,0
BRDA:121,4,1,0
BRDA:127,5,0,0
BRDA:127,5,1,0
BRDA:134,6,0,0
BRDA:134,6,1,0
BRDA:134,6,2,0
BRDA:187,7,0,0
BRDA:187,7,1,0
BRDA:202,8,0,0
BRDA:202,8,1,0
BRDA:211,9,0,0
BRDA:211,9,1,0
BRDA:227,10,0,0
BRDA:227,10,1,0
BRDA:227,10,2,0
BRDA:237,11,0,0
BRDA:237,11,1,0
BRDA:240,12,0,0
BRDA:240,12,1,0
BRDA:241,13,0,0
BRDA:241,13,1,0
BRDA:244,14,0,0
BRDA:244,14,1,0
BRF:30
BRH:0
end_of_record
TN:
SF:src/components/charts/CandlestickChart.tsx
FN:28,(anonymous_0)
FN:42,(anonymous_1)
FN:68,(anonymous_2)
FN:75,(anonymous_3)
FN:81,(anonymous_4)
FN:82,(anonymous_5)
FN:87,(anonymous_6)
FN:92,(anonymous_7)
FN:93,(anonymous_8)
FN:100,(anonymous_9)
FN:104,(anonymous_10)
FN:123,(anonymous_11)
FN:124,(anonymous_12)
FN:155,(anonymous_13)
FN:156,(anonymous_14)
FN:158,(anonymous_15)
FN:159,(anonymous_16)
FN:165,(anonymous_17)
FN:169,(anonymous_18)
FN:170,(anonymous_19)
FN:188,(anonymous_20)
FN:189,(anonymous_21)
FN:249,(anonymous_22)
FN:257,(anonymous_23)
FN:264,(anonymous_24)
FN:270,(anonymous_25)
FN:274,(anonymous_26)
FN:284,(anonymous_27)
FN:292,(anonymous_28)
FN:295,(anonymous_29)
FN:341,(anonymous_30)
FN:356,filterDataByTimeRange
FN:377,(anonymous_32)
FN:380,calculateMovingAverage
FN:385,(anonymous_34)
FNF:35
FNH:0
FNDA:0,(anonymous_0)
FNDA:0,(anonymous_1)
FNDA:0,(anonymous_2)
FNDA:0,(anonymous_3)
FNDA:0,(anonymous_4)
FNDA:0,(anonymous_5)
FNDA:0,(anonymous_6)
FNDA:0,(anonymous_7)
FNDA:0,(anonymous_8)
FNDA:0,(anonymous_9)
FNDA:0,(anonymous_10)
FNDA:0,(anonymous_11)
FNDA:0,(anonymous_12)
FNDA:0,(anonymous_13)
FNDA:0,(anonymous_14)
FNDA:0,(anonymous_15)
FNDA:0,(anonymous_16)
FNDA:0,(anonymous_17)
FNDA:0,(anonymous_18)
FNDA:0,(anonymous_19)
FNDA:0,(anonymous_20)
FNDA:0,(anonymous_21)
FNDA:0,(anonymous_22)
FNDA:0,(anonymous_23)
FNDA:0,(anonymous_24)
FNDA:0,(anonymous_25)
FNDA:0,(anonymous_26)
FNDA:0,(anonymous_27)
FNDA:0,(anonymous_28)
FNDA:0,(anonymous_29)
FNDA:0,(anonymous_30)
FNDA:0,filterDataByTimeRange
FNDA:0,(anonymous_32)
FNDA:0,calculateMovingAverage
FNDA:0,(anonymous_34)
DA:28,0
DA:38,0
DA:39,0
DA:40,0
DA:42,0
DA:43,0
DA:46,0
DA:49,0
DA:50,0
DA:53,0
DA:54,0
DA:55,0
DA:56,0
DA:57,0
DA:59,0
DA:63,0
DA:67,0
DA:68,0
DA:74,0
DA:75,0
DA:79,0
DA:81,0
DA:82,0
DA:86,0
DA:87,0
DA:91,0
DA:92,0
DA:94,0
DA:95,0
DA:98,0
DA:100,0
DA:102,0
DA:104,0
DA:107,0
DA:111,0
DA:116,0
DA:118,0
DA:123,0
DA:125,0
DA:126,0
DA:127,0
DA:130,0
DA:139,0
DA:150,0
DA:155,0
DA:156,0
DA:158,0
DA:159,0
DA:162,0
DA:163,0
DA:165,0
DA:166,0
DA:168,0
DA:169,0
DA:170,0
DA:173,0
DA:184,0
DA:185,0
DA:188,0
DA:189,0
DA:190,0
DA:191,0
DA:205,0
DA:213,0
DA:217,0
DA:222,0
DA:231,0
DA:241,0
DA:250,0
DA:251,0
DA:252,0
DA:253,0
DA:254,0
DA:257,0
DA:260,0
DA:265,0
DA:266,0
DA:269,0
DA:270,0
DA:273,0
DA:274,0
DA:277,0
DA:280,0
DA:284,0
DA:285,0
DA:286,0
DA:289,0
DA:293,0
DA:295,0
DA:342,0
DA:343,0
DA:357,0
DA:358,0
DA:360,0
DA:362,0
DA:363,0
DA:365,0
DA:366,0
DA:368,0
DA:369,0
DA:371,0
DA:372,0
DA:374,0
DA:377,0
DA:381,0
DA:383,0
DA:384,0
DA:385,0
DA:386,0
DA:389,0
LF:110
LH:0
BRDA:30,0,0,0
BRDA:32,1,0,0
BRDA:33,2,0,0
BRDA:34,3,0,0
BRDA:35,4,0,0
BRDA:43,5,0,0
BRDA:43,5,1,0
BRDA:43,6,0,0
BRDA:43,6,1,0
BRDA:43,6,2,0
BRDA:50,7,0,0
BRDA:50,7,1,0
BRDA:70,8,0,0
BRDA:70,8,1,0
BRDA:81,9,0,0
BRDA:81,9,1,0
BRDA:82,10,0,0
BRDA:82,10,1,0
BRDA:87,11,0,0
BRDA:87,11,1,0
BRDA:95,12,0,0
BRDA:95,12,1,0
BRDA:127,13,0,0
BRDA:127,13,1,0
BRDA:155,14,0,0
BRDA:155,14,1,0
BRDA:159,15,0,0
BRDA:159,15,1,0
BRDA:162,16,0,0
BRDA:162,16,1,0
BRDA:169,17,0,0
BRDA:169,17,1,0
BRDA:184,18,0,0
BRDA:184,18,1,0
BRDA:190,19,0,0
BRDA:190,19,1,0
BRDA:192,20,0,0
BRDA:192,20,1,0
BRDA:253,21,0,0
BRDA:253,21,1,0
BRDA:253,22,0,0
BRDA:253,22,1,0
BRDA:274,23,0,0
BRDA:274,23,1,0
BRDA:296,24,0,0
BRDA:296,24,1,0
BRDA:299,25,0,0
BRDA:299,25,1,0
BRDA:300,26,0,0
BRDA:300,26,1,0
BRDA:305,27,0,0
BRDA:305,27,1,0
BRDA:315,28,0,0
BRDA:315,28,1,0
BRDA:338,29,0,0
BRDA:338,29,1,0
BRDA:360,30,0,0
BRDA:360,30,1,0
BRDA:360,30,2,0
BRDA:360,30,3,0
BRDA:360,30,4,0
BRF:61
BRH:0
end_of_record
TN:
SF:src/components/charts/ConfusionMatrixChart.tsx
FN:24,(anonymous_0)
FN:34,(anonymous_1)
FN:64,(anonymous_2)
FN:65,(anonymous_3)
FN:73,(anonymous_4)
FN:91,(anonymous_5)
FN:101,(anonymous_6)
FN:106,(anonymous_7)
FN:117,(anonymous_8)
FN:120,(anonymous_9)
FN:128,(anonymous_10)
FN:130,(anonymous_11)
FN:140,(anonymous_12)
FN:145,(anonymous_13)
FN:155,(anonymous_14)
FN:160,(anonymous_15)
FN:189,(anonymous_16)
FN:208,(anonymous_17)
FNF:18
FNH:0
FNDA:0,(anonymous_0)
FNDA:0,(anonymous_1)
FNDA:0,(anonymous_2)
FNDA:0,(anonymous_3)
FNDA:0,(anonymous_4)
FNDA:0,(anonymous_5)
FNDA:0,(anonymous_6)
FNDA:0,(anonymous_7)
FNDA:0,(anonymous_8)
FNDA:0,(anonymous_9)
FNDA:0,(anonymous_10)
FNDA:0,(anonymous_11)
FNDA:0,(anonymous_12)
FNDA:0,(anonymous_13)
FNDA:0,(anonymous_14)
FNDA:0,(anonymous_15)
FNDA:0,(anonymous_16)
FNDA:0,(anonymous_17)
DA:24,0
DA:31,0
DA:32,0
DA:34,0
DA:35,0
DA:38,0
DA:41,0
DA:42,0
DA:43,0
DA:44,0
DA:47,0
DA:51,0
DA:55,0
DA:61,0
DA:63,0
DA:64,0
DA:65,0
DA:66,0
DA:67,0
DA:68,0
DA:73,0
DA:74,0
DA:78,0
DA:80,0
DA:85,0
DA:91,0
DA:92,0
DA:96,0
DA:101,0
DA:103,0
DA:106,0
DA:112,0
DA:117,0
DA:120,0
DA:123,0
DA:128,0
DA:130,0
DA:133,0
DA:140,0
DA:145,0
DA:147,0
DA:155,0
DA:160,0
DA:163,0
DA:171,0
DA:179,0
DA:182,0
DA:189,0
DA:190,0
DA:199,0
DA:201,0
DA:208,0
DA:209,0
DA:220,0
LF:54
LH:0
BRDA:28,0,0,0
BRDA:35,1,0,0
BRDA:35,1,1,0
BRDA:35,2,0,0
BRDA:35,2,1,0
BRDA:35,2,2,0
BRDA:41,3,0,0
BRDA:41,3,1,0
BRDA:74,4,0,0
BRDA:74,4,1,0
BRDA:91,5,0,0
BRDA:91,5,1,0
BRDA:117,6,0,0
BRDA:117,6,1,0
BRDA:128,7,0,0
BRDA:128,7,1,0
BRDA:140,8,0,0
BRDA:140,8,1,0
BRDA:155,9,0,0
BRDA:155,9,1,0
BRF:20
BRH:0
end_of_record
TN:
SF:src/components/charts/CorrelationHeatmap.tsx
FN:20,(anonymous_0)
FN:32,(anonymous_1)
FN:81,(anonymous_2)
FN:82,(anonymous_3)
FN:99,(anonymous_4)
FN:104,(anonymous_5)
FN:105,(anonymous_6)
FN:109,(anonymous_7)
FN:125,(anonymous_8)
FN:131,(anonymous_9)
FN:145,(anonymous_10)
FN:147,(anonymous_11)
FN:158,(anonymous_12)
FN:161,(anonymous_13)
FN:166,(anonymous_14)
FN:177,(anonymous_15)
FN:181,(anonymous_16)
FN:195,(anonymous_17)
FNF:18
FNH:0
FNDA:0,(anonymous_0)
FNDA:0,(anonymous_1)
FNDA:0,(anonymous_2)
FNDA:0,(anonymous_3)
FNDA:0,(anonymous_4)
FNDA:0,(anonymous_5)
FNDA:0,(anonymous_6)
FNDA:0,(anonymous_7)
FNDA:0,(anonymous_8)
FNDA:0,(anonymous_9)
FNDA:0,(anonymous_10)
FNDA:0,(anonymous_11)
FNDA:0,(anonymous_12)
FNDA:0,(anonymous_13)
FNDA:0,(anonymous_14)
FNDA:0,(anonymous_15)
FNDA:0,(anonymous_16)
FNDA:0,(anonymous_17)
DA:20,0
DA:28,0
DA:29,0
DA:30,0
DA:32,0
DA:33,0
DA:36,0
DA:38,0
DA:39,0
DA:40,0
DA:41,0
DA:43,0
DA:47,0
DA:50,0
DA:51,0
DA:54,0
DA:57,0
DA:62,0
DA:68,0
DA:79,0
DA:81,0
DA:82,0
DA:83,0
DA:94,0
DA:99,0
DA:101,0
DA:104,0
DA:105,0
DA:110,0
DA:112,0
DA:113,0
DA:114,0
DA:126,0
DA:127,0
DA:128,0
DA:132,0
DA:133,0
DA:138,0
DA:139,0
DA:145,0
DA:147,0
DA:151,0
DA:158,0
DA:162,0
DA:163,0
DA:166,0
DA:169,0
DA:177,0
DA:181,0
DA:184,0
DA:185,0
DA:186,0
DA:187,0
DA:189,0
DA:193,0
DA:195,0
DA:197,0
DA:203,0
DA:207,0
DA:211,0
DA:215,0
DA:218,0
DA:224,0
DA:230,0
DA:240,0
LF:65
LH:0
BRDA:24,0,0,0
BRDA:33,1,0,0
BRDA:33,1,1,0
BRDA:33,2,0,0
BRDA:33,2,1,0
BRDA:33,2,2,0
BRDA:38,3,0,0
BRDA:38,3,1,0
BRDA:105,4,0,0
BRDA:105,4,1,0
BRDA:108,5,0,0
BRDA:108,5,1,0
BRDA:112,6,0,0
BRDA:112,6,1,0
BRDA:121,7,0,0
BRDA:121,7,1,0
BRDA:127,8,0,0
BRDA:127,8,1,0
BRDA:132,9,0,0
BRDA:132,9,1,0
BRDA:138,10,0,0
BRDA:138,10,1,0
BRDA:145,11,0,0
BRDA:145,11,1,0
BRDA:158,12,0,0
BRDA:158,12,1,0
BRDA:162,13,0,0
BRDA:162,13,1,0
BRDA:177,14,0,0
BRDA:177,14,1,0
BRF:30
BRH:0
end_of_record
TN:
SF:src/components/charts/DriftDetectionChart.js
FN:25,(anonymous_0)
FN:30,(anonymous_1)
FN:36,(anonymous_2)
FN:62,(anonymous_3)
FN:69,(anonymous_4)
FN:130,(anonymous_5)
FNF:6
FNH:4
FNDA:3,(anonymous_0)
FNDA:6,(anonymous_1)
FNDA:0,(anonymous_2)
FNDA:0,(anonymous_3)
FNDA:6,(anonymous_4)
FNDA:6,(anonymous_5)
DA:25,1
DA:30,3
DA:31,6
DA:32,5
DA:33,4
DA:36,3
DA:37,0
DA:39,0
DA:40,0
DA:41,0
DA:43,0
DA:62,3
DA:63,0
DA:64,0
DA:69,6
DA:71,3
DA:131,6
DA:143,1
LF:18
LH:11
BRDA:26,0,0,0
BRDA:27,1,0,2
BRDA:28,2,0,3
BRDA:31,3,0,1
BRDA:31,3,1,5
BRDA:32,4,0,1
BRDA:32,4,1,4
BRDA:37,5,0,0
BRDA:37,5,1,0
BRDA:37,6,0,0
BRDA:37,6,1,0
BRDA:37,6,2,0
BRDA:40,7,0,0
BRDA:40,7,1,0
BRDA:41,8,0,0
BRDA:41,8,1,0
BRDA:53,9,0,0
BRDA:53,9,1,0
BRDA:63,10,0,0
BRDA:63,10,1,0
BRDA:127,11,0,0
BRDA:127,11,1,3
BRF:22
BRH:7
end_of_record
TN:
SF:src/components/charts/EnsembleWeightsChart.js
FN:24,(anonymous_0)
FN:42,(anonymous_1)
FN:46,(anonymous_2)
FN:51,(anonymous_3)
FN:63,(anonymous_4)
FN:93,(anonymous_5)
FN:97,(anonymous_6)
FNF:7
FNH:1
FNDA:2,(anonymous_0)
FNDA:0,(anonymous_1)
FNDA:0,(anonymous_2)
FNDA:0,(anonymous_3)
FNDA:0,(anonymous_4)
FNDA:0,(anonymous_5)
FNDA:0,(anonymous_6)
DA:24,1
DA:28,2
DA:35,2
DA:42,2
DA:43,0
DA:46,0
DA:48,0
DA:52,0
DA:63,2
DA:64,0
DA:65,0
DA:69,2
DA:93,0
DA:97,0
DA:138,1
LF:15
LH:7
BRDA:25,0,0,0
BRDA:26,1,0,2
BRDA:43,2,0,0
BRDA:43,2,1,0
BRDA:43,3,0,0
BRDA:43,3,1,0
BRDA:43,3,2,0
BRDA:46,4,0,0
BRDA:46,4,1,0
BRDA:64,5,0,0
BRDA:64,5,1,0
BRDA:64,6,0,0
BRDA:64,6,1,0
BRDA:64,6,2,0
BRDA:75,7,0,0
BRDA:75,7,1,2
BRDA:97,8,0,0
BRDA:97,8,1,0
BRF:18
BRH:2
end_of_record
TN:
SF:src/components/charts/ErrorDistributionChart.tsx
FN:41,(anonymous_0)
FN:49,(anonymous_1)
FN:55,(anonymous_2)
FN:58,(anonymous_3)
FN:67,(anonymous_4)
FN:85,(anonymous_5)
FN:87,(anonymous_6)
FN:151,(anonymous_7)
FNF:8
FNH:0
FNDA:0,(anonymous_0)
FNDA:0,(anonymous_1)
FNDA:0,(anonymous_2)
FNDA:0,(anonymous_3)
FNDA:0,(anonymous_4)
FNDA:0,(anonymous_5)
FNDA:0,(anonymous_6)
FNDA:0,(anonymous_7)
DA:41,0
DA:49,0
DA:50,0
DA:51,0
DA:55,0
DA:56,0
DA:58,0
DA:67,0
DA:68,0
DA:70,0
DA:71,0
DA:85,0
DA:86,0
DA:87,0
DA:88,0
DA:89,0
DA:98,0
DA:152,0
LF:18
LH:0
BRDA:45,0,0,0
BRDA:50,1,0,0
BRDA:50,1,1,0
BRDA:56,2,0,0
BRDA:56,2,1,0
BRDA:56,3,0,0
BRDA:56,3,1,0
BRDA:68,4,0,0
BRDA:68,4,1,0
BRDA:68,5,0,0
BRDA:68,5,1,0
BRDA:68,5,2,0
BRDA:78,6,0,0
BRDA:78,6,1,0
BRDA:86,7,0,0
BRDA:86,7,1,0
BRDA:86,8,0,0
BRDA:86,8,1,0
BRDA:88,9,0,0
BRDA:88,9,1,0
BRDA:149,10,0,0
BRDA:149,10,1,0
BRDA:154,11,0,0
BRDA:154,11,1,0
BRF:24
BRH:0
end_of_record
TN:
SF:src/components/charts/FeatureImportanceChart.js
FN:23,(anonymous_0)
FN:38,(anonymous_1)
FN:42,(anonymous_2)
FN:60,(anonymous_3)
FN:100,(anonymous_4)
FNF:5
FNH:3
FNDA:3,(anonymous_0)
FNDA:5,(anonymous_1)
FNDA:0,(anonymous_2)
FNDA:0,(anonymous_3)
FNDA:5,(anonymous_4)
DA:23,1
DA:29,3
DA:38,3
DA:39,5
DA:42,3
DA:43,0
DA:45,0
DA:46,0
DA:60,3
DA:61,0
DA:62,0
DA:67,3
DA:69,3
DA:101,5
DA:112,1
LF:15
LH:10
BRDA:24,0,0,0
BRDA:25,1,0,2
BRDA:26,2,0,3
BRDA:39,3,0,5
BRDA:39,3,1,0
BRDA:43,4,0,0
BRDA:43,4,1,0
BRDA:43,5,0,0
BRDA:43,5,1,0
BRDA:43,5,2,0
BRDA:53,6,0,0
BRDA:53,6,1,0
BRDA:61,7,0,0
BRDA:61,7,1,0
BRDA:97,8,0,0
BRDA:97,8,1,3
BRF:16
BRH:4
end_of_record
TN:
SF:src/components/charts/FeatureImportanceChartEnhanced.tsx
FN:35,(anonymous_0)
FN:45,(anonymous_1)
FN:52,(anonymous_2)
FN:55,(anonymous_3)
FN:60,(anonymous_4)
FN:64,(anonymous_5)
FN:65,(anonymous_6)
FN:71,(anonymous_7)
FN:102,(anonymous_8)
FN:104,(anonymous_9)
FN:138,(anonymous_10)
FNF:11
FNH:0
FNDA:0,(anonymous_0)
FNDA:0,(anonymous_1)
FNDA:0,(anonymous_2)
FNDA:0,(anonymous_3)
FNDA:0,(anonymous_4)
FNDA:0,(anonymous_5)
FNDA:0,(anonymous_6)
FNDA:0,(anonymous_7)
FNDA:0,(anonymous_8)
FNDA:0,(anonymous_9)
FNDA:0,(anonymous_10)
DA:35,0
DA:42,0
DA:45,0
DA:46,0
DA:47,0
DA:52,0
DA:53,0
DA:55,0
DA:56,0
DA:59,0
DA:60,0
DA:64,0
DA:65,0
DA:71,0
DA:72,0
DA:74,0
DA:75,0
DA:88,0
DA:102,0
DA:105,0
DA:139,0
LF:21
LH:0
BRDA:39,0,0,0
BRDA:40,1,0,0
BRDA:46,2,0,0
BRDA:46,2,1,0
BRDA:46,3,0,0
BRDA:46,3,1,0
BRDA:46,3,2,0
BRDA:53,4,0,0
BRDA:53,4,1,0
BRDA:53,5,0,0
BRDA:53,5,1,0
BRDA:56,6,0,0
BRDA:56,6,1,0
BRDA:67,7,0,0
BRDA:67,7,1,0
BRDA:72,8,0,0
BRDA:72,8,1,0
BRDA:72,9,0,0
BRDA:72,9,1,0
BRDA:72,9,2,0
BRDA:81,10,0,0
BRDA:81,10,1,0
BRF:22
BRH:0
end_of_record
TN:
SF:src/components/charts/InteractiveCandlestickChart.jsx
FN:14,(anonymous_0)
FN:28,(anonymous_1)
FN:29,(anonymous_2)
FN:30,(anonymous_3)
FN:31,(anonymous_4)
FN:32,(anonymous_5)
FN:43,(anonymous_6)
FN:44,(anonymous_7)
FN:48,(anonymous_8)
FN:56,(anonymous_9)
FN:68,(anonymous_10)
FN:80,(anonymous_11)
FN:93,(anonymous_12)
FN:104,(anonymous_13)
FN:115,(anonymous_14)
FN:120,(anonymous_15)
FN:128,(anonymous_16)
FN:139,(anonymous_17)
FN:150,(anonymous_18)
FN:162,(anonymous_19)
FN:163,(anonymous_20)
FN:177,(anonymous_21)
FN:178,(anonymous_22)
FN:288,(anonymous_23)
FN:291,(anonymous_24)
FN:310,(anonymous_25)
FN:315,(anonymous_26)
FN:319,(anonymous_27)
FNF:28
FNH:0
FNDA:0,(anonymous_0)
FNDA:0,(anonymous_1)
FNDA:0,(anonymous_2)
FNDA:0,(anonymous_3)
FNDA:0,(anonymous_4)
FNDA:0,(anonymous_5)
FNDA:0,(anonymous_6)
FNDA:0,(anonymous_7)
FNDA:0,(anonymous_8)
FNDA:0,(anonymous_9)
FNDA:0,(anonymous_10)
FNDA:0,(anonymous_11)
FNDA:0,(anonymous_12)
FNDA:0,(anonymous_13)
FNDA:0,(anonymous_14)
FNDA:0,(anonymous_15)
FNDA:0,(anonymous_16)
FNDA:0,(anonymous_17)
FNDA:0,(anonymous_18)
FNDA:0,(anonymous_19)
FNDA:0,(anonymous_20)
FNDA:0,(anonymous_21)
FNDA:0,(anonymous_22)
FNDA:0,(anonymous_23)
FNDA:0,(anonymous_24)
FNDA:0,(anonymous_25)
FNDA:0,(anonymous_26)
FNDA:0,(anonymous_27)
DA:14,0
DA:15,0
DA:16,0
DA:18,0
DA:19,0
DA:27,0
DA:28,0
DA:29,0
DA:30,0
DA:31,0
DA:32,0
DA:42,0
DA:43,0
DA:44,0
DA:48,0
DA:55,0
DA:56,0
DA:67,0
DA:68,0
DA:79,0
DA:80,0
DA:92,0
DA:93,0
DA:103,0
DA:104,0
DA:114,0
DA:115,0
DA:120,0
DA:127,0
DA:128,0
DA:138,0
DA:139,0
DA:149,0
DA:150,0
DA:161,0
DA:162,0
DA:163,0
DA:176,0
DA:177,0
DA:178,0
DA:192,0
DA:201,0
DA:202,0
DA:205,0
DA:206,0
DA:209,0
DA:210,0
DA:214,0
DA:262,0
DA:276,0
DA:289,0
DA:291,0
DA:311,0
DA:316,0
DA:317,0
DA:319,0
DA:359,0
LF:57
LH:0
BRDA:18,0,0,0
BRDA:18,0,1,0
BRDA:18,1,0,0
BRDA:18,1,1,0
BRDA:48,2,0,0
BRDA:48,2,1,0
BRDA:55,3,0,0
BRDA:55,3,1,0
BRDA:92,4,0,0
BRDA:92,4,1,0
BRDA:103,5,0,0
BRDA:103,5,1,0
BRDA:114,6,0,0
BRDA:114,6,1,0
BRDA:120,7,0,0
BRDA:120,7,1,0
BRDA:127,8,0,0
BRDA:127,8,1,0
BRDA:138,9,0,0
BRDA:138,9,1,0
BRDA:149,10,0,0
BRDA:149,10,1,0
BRDA:161,11,0,0
BRDA:161,11,1,0
BRDA:176,12,0,0
BRDA:176,12,1,0
BRDA:201,13,0,0
BRDA:201,13,1,0
BRDA:205,14,0,0
BRDA:205,14,1,0
BRDA:205,15,0,0
BRDA:205,15,1,0
BRDA:209,16,0,0
BRDA:209,16,1,0
BRDA:209,17,0,0
BRDA:209,17,1,0
BRDA:227,18,0,0
BRDA:227,18,1,0
BRDA:231,19,0,0
BRDA:231,19,1,0
BRDA:236,20,0,0
BRDA:236,20,1,0
BRDA:243,21,0,0
BRDA:243,21,1,0
BRDA:294,22,0,0
BRDA:294,22,1,0
BRDA:295,23,0,0
BRDA:295,23,1,0
BRDA:300,24,0,0
BRDA:300,24,1,0
BRDA:316,25,0,0
BRDA:316,25,1,0
BRF:52
BRH:0
end_of_record
TN:
SF:src/components/charts/LineChart.tsx
FN:27,(anonymous_0)
FN:98,(anonymous_1)
FNF:2
FNH:0
FNDA:0,(anonymous_0)
FNDA:0,(anonymous_1)
DA:27,0
DA:43,0
DA:44,0
DA:45,0
DA:47,0
DA:49,0
DA:99,0
LF:7
LH:0
BRDA:32,0,0,0
BRDA:33,1,0,0
BRDA:34,2,0,0
BRDA:37,3,0,0
BRDA:38,4,0,0
BRDA:47,5,0,0
BRDA:47,5,1,0
BRDA:65,6,0,0
BRDA:65,6,1,0
BRDA:80,7,0,0
BRDA:80,7,1,0
BRDA:90,8,0,0
BRDA:90,8,1,0
BRF:13
BRH:0
end_of_record
TN:
SF:src/components/charts/MAPETimeSeriesChart.js
FN:26,(anonymous_0)
FN:40,(anonymous_1)
FN:46,(anonymous_2)
FN:55,(anonymous_3)
FN:85,(anonymous_4)
FNF:5
FNH:1
FNDA:4,(anonymous_0)
FNDA:0,(anonymous_1)
FNDA:0,(anonymous_2)
FNDA:0,(anonymous_3)
FNDA:0,(anonymous_4)
DA:26,1
DA:32,4
DA:40,4
DA:41,0
DA:43,0
DA:47,0
DA:55,4
DA:56,0
DA:57,0
DA:61,4
DA:85,0
DA:185,1
LF:12
LH:6
BRDA:27,0,0,0
BRDA:28,1,0,3
BRDA:29,2,0,3
BRDA:30,3,0,4
BRDA:41,4,0,0
BRDA:41,4,1,0
BRDA:41,5,0,0
BRDA:41,5,1,0
BRDA:41,5,2,0
BRDA:56,6,0,0
BRDA:56,6,1,0
BRDA:86,7,0,0
BRDA:86,7,1,4
BRDA:103,8,0,4
BRDA:103,8,1,1
BRDA:125,9,0,4
BRDA:125,9,1,4
BRDA:136,10,0,4
BRDA:136,10,1,3
BRDA:147,11,0,4
BRDA:147,11,1,4
BRDA:158,12,0,4
BRDA:158,12,1,3
BRDA:169,13,0,4
BRDA:169,13,1,3
BRF:25
BRH:16
end_of_record
TN:
SF:src/components/charts/ModelBreakdownTable.tsx
FN:24,(anonymous_0)
FN:34,(anonymous_1)
FN:38,(anonymous_2)
FN:41,(anonymous_3)
FN:44,(anonymous_4)
FN:51,(anonymous_5)
FN:54,(anonymous_6)
FN:74,(anonymous_7)
FN:83,(anonymous_8)
FN:104,(anonymous_9)
FN:122,(anonymous_10)
FN:128,(anonymous_11)
FN:135,(anonymous_12)
FN:142,(anonymous_13)
FN:150,(anonymous_14)
FNF:15
FNH:0
FNDA:0,(anonymous_0)
FNDA:0,(anonymous_1)
FNDA:0,(anonymous_2)
FNDA:0,(anonymous_3)
FNDA:0,(anonymous_4)
FNDA:0,(anonymous_5)
FNDA:0,(anonymous_6)
FNDA:0,(anonymous_7)
FNDA:0,(anonymous_8)
FNDA:0,(anonymous_9)
FNDA:0,(anonymous_10)
FNDA:0,(anonymous_11)
FNDA:0,(anonymous_12)
FNDA:0,(anonymous_13)
FNDA:0,(anonymous_14)
DA:24,0
DA:30,0
DA:31,0
DA:34,0
DA:35,0
DA:37,0
DA:39,0
DA:42,0
DA:45,0
DA:51,0
DA:52,0
DA:54,0
DA:55,0
DA:56,0
DA:59,0
DA:60,0
DA:66,0
DA:67,0
DA:68,0
DA:71,0
DA:74,0
DA:75,0
DA:76,0
DA:78,0
DA:79,0
DA:83,0
DA:84,0
DA:85,0
DA:93,0
DA:104,0
DA:105,0
DA:108,0
DA:122,0
DA:128,0
DA:135,0
DA:142,0
DA:151,0
LF:37
LH:0
BRDA:28,0,0,0
BRDA:35,1,0,0
BRDA:35,1,1,0
BRDA:35,2,0,0
BRDA:35,2,1,0
BRDA:39,3,0,0
BRDA:39,3,1,0
BRDA:42,4,0,0
BRDA:42,4,1,0
BRDA:45,5,0,0
BRDA:45,5,1,0
BRDA:52,6,0,0
BRDA:52,6,1,0
BRDA:59,7,0,0
BRDA:59,7,1,0
BRDA:60,8,0,0
BRDA:60,8,1,0
BRDA:66,9,0,0
BRDA:66,9,1,0
BRDA:67,10,0,0
BRDA:67,10,1,0
BRDA:68,11,0,0
BRDA:68,11,1,0
BRDA:75,12,0,0
BRDA:75,12,1,0
BRDA:76,13,0,0
BRDA:76,13,1,0
BRDA:79,14,0,0
BRDA:79,14,1,0
BRDA:84,15,0,0
BRDA:84,15,1,0
BRDA:93,16,0,0
BRDA:93,16,1,0
BRDA:153,17,0,0
BRDA:153,17,1,0
BRDA:155,18,0,0
BRDA:155,18,1,0
BRDA:159,19,0,0
BRDA:159,19,1,0
BRDA:161,20,0,0
BRDA:161,20,1,0
BRDA:165,21,0,0
BRDA:165,21,1,0
BRDA:167,22,0,0
BRDA:167,22,1,0
BRDA:176,23,0,0
BRDA:176,23,1,0
BRDA:176,23,2,0
BRDA:176,23,3,0
BRF:49
BRH:0
end_of_record
TN:
SF:src/components/charts/ModelComparisonChart.js
FN:23,(anonymous_0)
FN:44,(anonymous_1)
FN:50,(anonymous_2)
FN:59,(anonymous_3)
FN:65,(anonymous_4)
FN:94,(anonymous_5)
FN:95,(anonymous_6)
FN:104,(anonymous_7)
FN:105,(anonymous_8)
FN:114,(anonymous_9)
FN:115,(anonymous_10)
FN:124,(anonymous_11)
FN:125,(anonymous_12)
FNF:13
FNH:2
FNDA:3,(anonymous_0)
FNDA:0,(anonymous_1)
FNDA:0,(anonymous_2)
FNDA:0,(anonymous_3)
FNDA:12,(anonymous_4)
FNDA:0,(anonymous_5)
FNDA:0,(anonymous_6)
FNDA:0,(anonymous_7)
FNDA:0,(anonymous_8)
FNDA:0,(anonymous_9)
FNDA:0,(anonymous_10)
FNDA:0,(anonymous_11)
FNDA:0,(anonymous_12)
DA:23,1
DA:28,3
DA:30,3
DA:37,3
DA:44,3
DA:45,0
DA:47,0
DA:51,0
DA:59,3
DA:60,0
DA:61,0
DA:65,3
DA:66,12
DA:67,4
DA:68,3
DA:71,3
DA:94,0
DA:95,0
DA:104,0
DA:105,0
DA:114,0
DA:115,0
DA:124,0
DA:125,0
DA:138,1
LF:25
LH:12
BRDA:24,0,0,0
BRDA:25,1,0,2
BRDA:26,2,0,3
BRDA:45,3,0,0
BRDA:45,3,1,0
BRDA:45,4,0,0
BRDA:45,4,1,0
BRDA:45,4,2,0
BRDA:60,5,0,0
BRDA:60,5,1,0
BRDA:66,6,0,8
BRDA:66,6,1,4
BRDA:66,7,0,12
BRDA:66,7,1,8
BRDA:67,8,0,1
BRDA:67,8,1,3
BRDA:67,9,0,4
BRDA:67,9,1,3
BRDA:130,10,0,0
BRDA:130,10,1,3
BRF:20
BRH:11
end_of_record
TN:
SF:src/components/charts/PerformanceTabExample.tsx
FN:101,(anonymous_0)
FN:120,(anonymous_1)
FN:138,(anonymous_2)
FNF:3
FNH:0
FNDA:0,(anonymous_0)
FNDA:0,(anonymous_1)
FNDA:0,(anonymous_2)
DA:17,0
DA:24,0
DA:34,0
DA:48,0
DA:76,0
DA:90,0
DA:101,0
DA:102,0
DA:120,0
DA:138,0
LF:10
LH:0
BRF:0
BRH:0
end_of_record
TN:
SF:src/components/charts/PredictionIntervalChart.js
FN:25,(anonymous_0)
FN:31,(anonymous_1)
FN:32,(anonymous_2)
FN:39,(anonymous_3)
FNF:4
FNH:3
FNDA:3,(anonymous_0)
FNDA:4,(anonymous_1)
FNDA:6,(anonymous_2)
FNDA:0,(anonymous_3)
DA:25,1
DA:31,3
DA:32,6
DA:33,4
DA:39,3
DA:40,0
DA:42,0
DA:43,0
DA:46,0
DA:47,0
DA:48,0
DA:49,0
DA:50,0
DA:51,0
DA:52,0
DA:53,0
DA:55,0
DA:59,0
DA:97,3
DA:219,1
LF:20
LH:7
BRDA:26,0,0,0
BRDA:27,1,0,0
BRDA:28,2,0,2
BRDA:40,3,0,0
BRDA:40,3,1,0
BRDA:40,4,0,0
BRDA:40,4,1,0
BRDA:40,4,2,0
BRDA:43,5,0,0
BRDA:43,5,1,0
BRDA:47,6,0,0
BRDA:47,6,1,0
BRDA:48,7,0,0
BRDA:48,7,1,0
BRDA:48,8,0,0
BRDA:48,8,1,0
BRDA:50,9,0,0
BRDA:50,9,1,0
BRDA:50,10,0,0
BRDA:50,10,1,0
BRDA:52,11,0,0
BRDA:52,11,1,0
BRDA:52,12,0,0
BRDA:52,12,1,0
BRDA:63,13,0,0
BRDA:63,13,1,0
BRDA:78,14,0,0
BRDA:78,14,1,0
BRDA:83,15,0,0
BRDA:83,15,1,0
BRDA:88,16,0,0
BRDA:88,16,1,0
BRDA:123,17,0,3
BRDA:123,17,1,3
BRDA:147,18,0,3
BRDA:147,18,1,2
BRDA:171,19,0,3
BRDA:171,19,1,3
BRF:38
BRH:7
end_of_record
TN:
SF:src/components/charts/StockRankingChart.js
FN:25,(anonymous_0)
FN:33,(anonymous_1)
FN:39,(anonymous_2)
FN:40,(anonymous_3)
FN:43,(anonymous_4)
FN:47,(anonymous_5)
FN:52,(anonymous_6)
FN:66,(anonymous_7)
FN:72,(anonymous_8)
FN:77,(anonymous_9)
FN:114,(anonymous_10)
FN:119,(anonymous_11)
FN:131,(anonymous_12)
FN:132,(anonymous_13)
FN:133,(anonymous_14)
FNF:15
FNH:7
FNDA:3,(anonymous_0)
FNDA:8,(anonymous_1)
FNDA:4,(anonymous_2)
FNDA:20,(anonymous_3)
FNDA:0,(anonymous_4)
FNDA:0,(anonymous_5)
FNDA:0,(anonymous_6)
FNDA:0,(anonymous_7)
FNDA:8,(anonymous_8)
FNDA:8,(anonymous_9)
FNDA:0,(anonymous_10)
FNDA:8,(anonymous_11)
FNDA:0,(anonymous_12)
FNDA:0,(anonymous_13)
FNDA:0,(anonymous_14)
DA:25,1
DA:30,3
DA:33,3
DA:34,8
DA:35,8
DA:39,3
DA:40,20
DA:43,3
DA:44,0
DA:47,0
DA:49,0
DA:53,0
DA:66,3
DA:67,0
DA:68,0
DA:72,3
DA:73,8
DA:74,0
DA:77,3
DA:78,8
DA:79,0
DA:82,3
DA:114,0
DA:120,8
DA:131,0
DA:132,0
DA:133,0
DA:142,1
LF:28
LH:16
BRDA:26,0,0,0
BRDA:27,1,0,2
BRDA:28,2,0,3
BRDA:44,3,0,0
BRDA:44,3,1,0
BRDA:44,4,0,0
BRDA:44,4,1,0
BRDA:44,4,2,0
BRDA:57,5,0,0
BRDA:57,5,1,0
BRDA:67,6,0,0
BRDA:67,6,1,0
BRDA:73,7,0,8
BRDA:73,7,1,0
BRDA:74,8,0,0
BRDA:74,8,1,0
BRDA:78,9,0,8
BRDA:78,9,1,0
BRDA:79,10,0,0
BRDA:79,10,1,0
BRDA:134,11,0,0
BRDA:134,11,1,8
BRF:22
BRH:5
end_of_record
TN:
SF:src/components/charts/ZoomableChart.tsx
FN:19,(anonymous_0)
FN:48,(anonymous_1)
FN:59,(anonymous_2)
FN:141,(anonymous_3)
FNF:4
FNH:0
FNDA:0,(anonymous_0)
FNDA:0,(anonymous_1)
FNDA:0,(anonymous_2)
FNDA:0,(anonymous_3)
DA:19,0
DA:29,0
DA:35,0
DA:36,0
DA:37,0
DA:38,0
DA:40,0
DA:42,0
DA:48,0
DA:49,0
DA:51,0
DA:54,0
DA:55,0
DA:56,0
DA:59,0
DA:60,0
DA:61,0
DA:68,0
DA:72,0
DA:141,0
LF:20
LH:0
BRDA:22,0,0,0
BRDA:23,1,0,0
BRDA:24,2,0,0
BRDA:25,3,0,0
BRDA:26,4,0,0
BRDA:27,5,0,0
BRDA:43,6,0,0
BRDA:43,6,1,0
BRDA:44,7,0,0
BRDA:44,7,1,0
BRDA:45,8,0,0
BRDA:45,8,1,0
BRDA:49,9,0,0
BRDA:49,9,1,0
BRDA:87,10,0,0
BRDA:87,10,1,0
BRDA:99,11,0,0
BRDA:99,11,1,0
BRDA:99,11,2,0
BRDA:118,12,0,0
BRDA:118,12,1,0
BRDA:128,13,0,0
BRDA:128,13,1,0
BRDA:138,14,0,0
BRDA:138,14,1,0
BRF:25
BRH:0
end_of_record
TN:
SF:src/components/charts/index.js
FNF:0
FNH:0
LF:0
LH:0
BRF:0
BRH:0
end_of_record
TN:
SF:src/components/charts/index.ts
FNF:0
FNH:0
LF:0
LH:0
BRF:0
BRH:0
end_of_record
TN:
SF:src/components/costs/BudgetIndicator.tsx
FN:39,(anonymous_0)
FN:48,(anonymous_1)
FN:111,(anonymous_2)
FN:122,(anonymous_3)
FN:133,(anonymous_4)
FN:144,(anonymous_5)
FN:149,(anonymous_6)
FN:157,(anonymous_7)
FN:226,(anonymous_8)
FNF:9
FNH:9
FNDA:30,(anonymous_0)
FNDA:23,(anonymous_1)
FNDA:28,(anonymous_2)
FNDA:28,(anonymous_3)
FNDA:28,(anonymous_4)
FNDA:3,(anonymous_5)
FNDA:1,(anonymous_6)
FNDA:1,(anonymous_7)
FNDA:2,(anonymous_8)
DA:39,1
DA:44,30
DA:45,30
DA:46,30
DA:48,30
DA:49,23
DA:50,2
DA:53,21
DA:56,21
DA:59,21
DA:60,21
DA:61,3
DA:62,18
DA:63,4
DA:67,21
DA:68,21
DA:71,21
DA:72,21
DA:75,21
DA:77,21
DA:95,30
DA:96,1
DA:103,29
DA:104,1
DA:111,28
DA:112,28
DA:114,3
DA:116,4
DA:118,21
DA:122,28
DA:123,28
DA:125,3
DA:127,4
DA:129,21
DA:133,28
DA:134,28
DA:136,3
DA:138,4
DA:140,21
DA:144,28
DA:145,3
DA:146,3
DA:149,28
DA:150,1
DA:151,1
DA:152,1
DA:154,1
DA:157,28
DA:158,1
DA:159,1
DA:162,28
DA:164,28
DA:226,2
LF:53
LH:53
BRDA:41,0,0,28
BRDA:49,1,0,2
BRDA:49,1,1,21
BRDA:49,2,0,23
BRDA:49,2,1,21
BRDA:53,3,0,0
BRDA:60,4,0,3
BRDA:60,4,1,18
BRDA:62,5,0,4
BRDA:62,5,1,14
BRDA:68,6,0,21
BRDA:68,6,1,0
BRDA:72,7,0,21
BRDA:72,7,1,0
BRDA:95,8,0,1
BRDA:95,8,1,29
BRDA:103,9,0,1
BRDA:103,9,1,28
BRDA:112,10,0,3
BRDA:112,10,1,4
BRDA:112,10,2,21
BRDA:123,11,0,3
BRDA:123,11,1,4
BRDA:123,11,2,21
BRDA:134,12,0,3
BRDA:134,12,1,4
BRDA:134,12,2,21
BRDA:151,13,0,1
BRDA:151,13,1,0
BRDA:151,14,0,1
BRDA:151,14,1,1
BRDA:151,14,2,1
BRDA:193,15,0,28
BRDA:193,15,1,0
BRDA:202,16,0,28
BRDA:202,16,1,23
BRDA:202,16,2,6
BRDA:221,17,0,5
BRDA:221,17,1,23
BRDA:260,18,0,5
BRDA:260,18,1,0
BRDA:280,19,0,28
BRDA:280,19,1,0
BRDA:299,20,0,28
BRDA:299,20,1,0
BRDA:364,21,0,28
BRDA:364,21,1,0
BRDA:384,22,0,28
BRDA:384,22,1,0
BRDA:396,23,0,7
BRDA:396,23,1,21
BRDA:405,24,0,7
BRDA:405,24,1,21
BRDA:417,25,0,28
BRDA:417,25,1,0
BRDA:437,26,0,28
BRDA:437,26,1,0
BRDA:449,27,0,7
BRDA:449,27,1,21
BRDA:462,28,0,28
BRDA:462,28,1,3
BRDA:481,29,0,3
BRDA:481,29,1,3
BRDA:492,30,0,28
BRDA:492,30,1,4
BRDA:511,31,0,4
BRDA:511,31,1,4
BRDA:522,32,0,28
BRDA:522,32,1,21
BRDA:522,32,2,21
BRF:70
BRH:58
end_of_record
TN:
SF:src/components/costs/CostPerPredictionChart.tsx
FN:71,(anonymous_0)
FN:78,(anonymous_1)
FN:87,(anonymous_2)
FN:96,(anonymous_3)
FN:110,(anonymous_4)
FN:111,(anonymous_5)
FN:120,(anonymous_6)
FN:139,(anonymous_7)
FN:140,(anonymous_8)
FN:144,(anonymous_9)
FN:182,(anonymous_10)
FN:193,(anonymous_11)
FN:204,(anonymous_12)
FN:223,(anonymous_13)
FN:252,(anonymous_14)
FN:310,(anonymous_15)
FN:314,(anonymous_16)
FN:356,(anonymous_17)
FN:369,(anonymous_18)
FN:510,(anonymous_19)
FNF:20
FNH:16
FNDA:25,(anonymous_0)
FNDA:25,(anonymous_1)
FNDA:115,(anonymous_2)
FNDA:15,(anonymous_3)
FNDA:115,(anonymous_4)
FNDA:115,(anonymous_5)
FNDA:115,(anonymous_6)
FNDA:47,(anonymous_7)
FNDA:47,(anonymous_8)
FNDA:115,(anonymous_9)
FNDA:44,(anonymous_10)
FNDA:22,(anonymous_11)
FNDA:22,(anonymous_12)
FNDA:0,(anonymous_13)
FNDA:0,(anonymous_14)
FNDA:0,(anonymous_15)
FNDA:0,(anonymous_16)
FNDA:3,(anonymous_17)
FNDA:31,(anonymous_18)
FNDA:26,(anonymous_19)
DA:71,1
DA:76,25
DA:78,25
DA:79,25
DA:80,3
DA:83,22
DA:84,22
DA:87,22
DA:88,115
DA:95,115
DA:96,5
DA:97,15
DA:101,115
DA:105,22
DA:110,115
DA:111,115
DA:114,22
DA:115,22
DA:116,22
DA:118,22
DA:119,22
DA:120,22
DA:121,115
DA:122,115
DA:125,22
DA:128,22
DA:129,22
DA:130,22
DA:131,1
DA:132,21
DA:133,19
DA:137,22
DA:138,22
DA:139,47
DA:140,47
DA:141,22
DA:144,115
DA:146,22
DA:158,22
DA:166,25
DA:167,1
DA:174,24
DA:175,2
DA:182,22
DA:183,44
DA:185,2
DA:187,38
DA:189,4
DA:193,22
DA:194,22
DA:196,1
DA:198,19
DA:200,2
DA:204,22
DA:205,22
DA:207,1
DA:209,19
DA:211,2
DA:215,22
DA:223,22
DA:224,0
DA:225,0
DA:227,0
DA:253,0
DA:263,0
DA:266,22
DA:310,0
DA:314,0
DA:357,3
DA:370,31
DA:511,26
LF:71
LH:64
BRDA:73,0,0,24
BRDA:74,1,0,23
BRDA:79,2,0,3
BRDA:79,2,1,22
BRDA:79,3,0,25
BRDA:79,3,1,23
BRDA:79,3,2,23
BRDA:84,4,0,22
BRDA:84,4,1,0
BRDA:95,5,0,5
BRDA:95,5,1,110
BRDA:95,6,0,115
BRDA:95,6,1,5
BRDA:105,7,0,1
BRDA:105,7,1,21
BRDA:105,8,0,22
BRDA:105,8,1,1
BRDA:125,9,0,22
BRDA:125,9,1,0
BRDA:130,10,0,1
BRDA:130,10,1,21
BRDA:132,11,0,19
BRDA:132,11,1,2
BRDA:166,12,0,1
BRDA:166,12,1,24
BRDA:174,13,0,2
BRDA:174,13,1,22
BRDA:183,14,0,2
BRDA:183,14,1,38
BRDA:183,14,2,4
BRDA:194,15,0,1
BRDA:194,15,1,19
BRDA:194,15,2,2
BRDA:205,16,0,1
BRDA:205,16,1,19
BRDA:205,16,2,2
BRDA:224,17,0,0
BRDA:224,17,1,0
BRDA:224,18,0,0
BRDA:224,18,1,0
BRDA:224,18,2,0
BRDA:240,19,0,0
BRDA:240,19,1,0
BRDA:272,20,0,22
BRDA:272,20,1,22
BRDA:286,21,0,22
BRDA:286,21,1,21
BRDA:297,22,0,2
BRDA:297,22,1,19
BRDA:329,23,0,22
BRDA:329,23,1,22
BRDA:355,24,0,22
BRDA:355,24,1,1
BRDA:361,25,0,3
BRDA:361,25,1,0
BRDA:384,26,0,22
BRDA:384,26,1,22
BRDA:391,27,0,22
BRDA:391,27,1,0
BRDA:432,28,0,22
BRDA:432,28,1,22
BRDA:432,28,2,20
BRDA:432,28,3,20
BRDA:436,29,0,19
BRDA:436,29,1,1
BRDA:438,30,0,19
BRDA:438,30,1,1
BRDA:446,31,0,19
BRDA:446,31,1,1
BRDA:449,32,0,19
BRDA:449,32,1,1
BRDA:477,33,0,19
BRDA:477,33,1,1
BRDA:481,34,0,19
BRDA:481,34,1,1
BRDA:490,35,0,22
BRDA:490,35,1,21
BRDA:530,36,0,21
BRDA:530,36,1,1
BRDA:532,37,0,1
BRDA:532,37,1,0
BRDA:532,38,0,1
BRDA:532,38,1,0
BRF:83
BRH:70
end_of_record
TN:
SF:src/components/costs/CostTrendChart.tsx
FN:63,(anonymous_0)
FN:78,(anonymous_1)
FN:86,(anonymous_2)
FN:96,(anonymous_3)
FN:97,(anonymous_4)
FN:101,(anonymous_5)
FN:107,(anonymous_6)
FN:142,(anonymous_7)
FN:144,(anonymous_8)
FN:172,(anonymous_9)
FN:223,(anonymous_10)
FN:234,(anonymous_11)
FN:286,(anonymous_12)
FN:369,(anonymous_13)
FNF:14
FNH:10
FNDA:21,(anonymous_0)
FNDA:21,(anonymous_1)
FNDA:59,(anonymous_2)
FNDA:59,(anonymous_3)
FNDA:59,(anonymous_4)
FNDA:59,(anonymous_5)
FNDA:59,(anonymous_6)
FNDA:0,(anonymous_7)
FNDA:0,(anonymous_8)
FNDA:0,(anonymous_9)
FNDA:72,(anonymous_10)
FNDA:0,(anonymous_11)
FNDA:3,(anonymous_12)
FNDA:3,(anonymous_13)
DA:63,1
DA:68,21
DA:71,21
DA:78,21
DA:79,21
DA:80,2
DA:83,19
DA:86,59
DA:96,59
DA:97,59
DA:98,19
DA:101,59
DA:102,19
DA:103,19
DA:106,19
DA:107,19
DA:108,59
DA:109,3
DA:110,3
DA:114,19
DA:123,19
DA:126,21
DA:127,1
DA:134,20
DA:135,2
DA:142,18
DA:143,0
DA:144,0
DA:145,0
DA:147,0
DA:173,0
DA:195,0
DA:198,18
DA:224,72
DA:234,0
DA:287,3
DA:370,3
LF:37
LH:30
BRDA:65,0,0,0
BRDA:66,1,0,20
BRDA:79,2,0,2
BRDA:79,2,1,19
BRDA:79,3,0,21
BRDA:79,3,1,19
BRDA:79,3,2,19
BRDA:88,4,0,59
BRDA:88,4,1,2
BRDA:89,5,0,59
BRDA:89,5,1,3
BRDA:90,6,0,59
BRDA:90,6,1,2
BRDA:91,7,0,59
BRDA:91,7,1,2
BRDA:92,8,0,59
BRDA:92,8,1,1
BRDA:108,9,0,3
BRDA:108,9,1,56
BRDA:126,10,0,1
BRDA:126,10,1,20
BRDA:134,11,0,2
BRDA:134,11,1,18
BRDA:143,12,0,0
BRDA:143,12,1,0
BRDA:143,13,0,0
BRDA:143,13,1,0
BRDA:143,13,2,0
BRDA:160,14,0,0
BRDA:160,14,1,0
BRDA:204,15,0,18
BRDA:204,15,1,2
BRDA:215,16,0,1
BRDA:215,16,1,1
BRDA:215,17,0,1
BRDA:215,17,1,1
BRDA:301,18,0,18
BRDA:301,18,1,18
BRDA:308,19,0,18
BRDA:308,19,1,0
BRDA:349,20,0,18
BRDA:349,20,1,2
BRF:42
BRH:33
end_of_record
TN:
SF:src/components/costs/CostsByServiceChart.jsx
FN:20,(anonymous_0)
FN:21,(anonymous_1)
FN:29,(anonymous_2)
FN:34,(anonymous_3)
FN:35,(anonymous_4)
FN:54,(anonymous_5)
FN:56,(anonymous_6)
FN:94,(anonymous_7)
FN:99,(anonymous_8)
FN:107,(anonymous_9)
FN:114,(anonymous_10)
FNF:11
FNH:0
FNDA:0,(anonymous_0)
FNDA:0,(anonymous_1)
FNDA:0,(anonymous_2)
FNDA:0,(anonymous_3)
FNDA:0,(anonymous_4)
FNDA:0,(anonymous_5)
FNDA:0,(anonymous_6)
FNDA:0,(anonymous_7)
FNDA:0,(anonymous_8)
FNDA:0,(anonymous_9)
FNDA:0,(anonymous_10)
DA:12,0
DA:20,0
DA:21,0
DA:22,0
DA:23,0
DA:26,0
DA:28,0
DA:29,0
DA:34,0
DA:35,0
DA:38,0
DA:39,0
DA:46,0
DA:47,0
DA:54,0
DA:56,0
DA:57,0
DA:58,0
DA:59,0
DA:61,0
DA:78,0
DA:81,0
DA:94,0
DA:100,0
DA:107,0
DA:115,0
DA:117,0
LF:27
LH:0
BRDA:22,0,0,0
BRDA:22,0,1,0
BRDA:22,1,0,0
BRDA:22,1,1,0
BRDA:22,1,2,0
BRDA:31,2,0,0
BRDA:31,2,1,0
BRDA:32,3,0,0
BRDA:32,3,1,0
BRDA:38,4,0,0
BRDA:38,4,1,0
BRDA:46,5,0,0
BRDA:46,5,1,0
BRDA:57,6,0,0
BRDA:57,6,1,0
BRDA:57,7,0,0
BRDA:57,7,1,0
BRDA:57,7,2,0
BRF:18
BRH:0
end_of_record
TN:
SF:src/components/costs/CostsEvolutionChart.jsx
FN:14,(anonymous_0)
FN:15,(anonymous_1)
FN:20,(anonymous_2)
FN:43,(anonymous_3)
FN:46,(anonymous_4)
FN:54,(anonymous_5)
FN:67,(anonymous_6)
FN:96,(anonymous_7)
FN:136,(anonymous_8)
FN:142,(anonymous_9)
FN:148,(anonymous_10)
FN:154,(anonymous_11)
FNF:12
FNH:0
FNDA:0,(anonymous_0)
FNDA:0,(anonymous_1)
FNDA:0,(anonymous_2)
FNDA:0,(anonymous_3)
FNDA:0,(anonymous_4)
FNDA:0,(anonymous_5)
FNDA:0,(anonymous_6)
FNDA:0,(anonymous_7)
FNDA:0,(anonymous_8)
FNDA:0,(anonymous_9)
FNDA:0,(anonymous_10)
FNDA:0,(anonymous_11)
DA:14,0
DA:15,0
DA:16,0
DA:17,0
DA:20,0
DA:26,0
DA:27,0
DA:34,0
DA:35,0
DA:43,0
DA:44,0
DA:45,0
DA:46,0
DA:48,0
DA:54,0
DA:55,0
DA:56,0
DA:68,0
DA:75,0
DA:78,0
DA:96,0
DA:136,0
DA:142,0
DA:148,0
DA:154,0
LF:25
LH:0
BRDA:16,0,0,0
BRDA:16,0,1,0
BRDA:16,1,0,0
BRDA:16,1,1,0
BRDA:16,1,2,0
BRDA:22,2,0,0
BRDA:22,2,1,0
BRDA:26,3,0,0
BRDA:26,3,1,0
BRDA:34,4,0,0
BRDA:34,4,1,0
BRDA:55,5,0,0
BRDA:55,5,1,0
BRDA:55,6,0,0
BRDA:55,6,1,0
BRDA:55,6,2,0
BRF:16
BRH:0
end_of_record
TN:
SF:src/components/costs/CostsSummary.jsx
FN:16,(anonymous_0)
FN:40,(anonymous_1)
FNF:2
FNH:0
FNDA:0,(anonymous_0)
FNDA:0,(anonymous_1)
DA:16,0
DA:17,0
DA:18,0
DA:25,0
DA:26,0
DA:33,0
DA:34,0
DA:35,0
DA:36,0
DA:37,0
DA:40,0
DA:41,0
DA:42,0
DA:50,0
DA:51,0
DA:59,0
DA:68,0
DA:70,0
LF:18
LH:0
BRDA:17,0,0,0
BRDA:17,0,1,0
BRDA:25,1,0,0
BRDA:25,1,1,0
BRDA:25,2,0,0
BRDA:25,2,1,0
BRDA:34,3,0,0
BRDA:34,3,1,0
BRDA:35,4,0,0
BRDA:35,4,1,0
BRDA:41,5,0,0
BRDA:41,5,1,0
BRDA:50,6,0,0
BRDA:50,6,1,0
BRDA:109,7,0,0
BRDA:109,7,1,0
BRDA:128,8,0,0
BRDA:128,8,1,0
BRDA:186,9,0,0
BRDA:186,9,1,0
BRDA:209,10,0,0
BRDA:209,10,1,0
BRDA:220,11,0,0
BRDA:220,11,1,0
BRF:24
BRH:0
end_of_record
TN:
SF:src/components/costs/CostsTable.jsx
FN:13,(anonymous_0)
FN:14,(anonymous_1)
FN:25,(anonymous_2)
FN:26,(anonymous_3)
FN:27,(anonymous_4)
FN:31,(anonymous_5)
FN:32,(anonymous_6)
FN:41,(anonymous_7)
FN:60,(anonymous_8)
FN:63,(anonymous_9)
FN:69,(anonymous_10)
FN:110,(anonymous_11)
FN:120,(anonymous_12)
FN:121,(anonymous_13)
FN:203,(anonymous_14)
FNF:15
FNH:0
FNDA:0,(anonymous_0)
FNDA:0,(anonymous_1)
FNDA:0,(anonymous_2)
FNDA:0,(anonymous_3)
FNDA:0,(anonymous_4)
FNDA:0,(anonymous_5)
FNDA:0,(anonymous_6)
FNDA:0,(anonymous_7)
FNDA:0,(anonymous_8)
FNDA:0,(anonymous_9)
FNDA:0,(anonymous_10)
FNDA:0,(anonymous_11)
FNDA:0,(anonymous_12)
FNDA:0,(anonymous_13)
FNDA:0,(anonymous_14)
DA:13,0
DA:14,0
DA:15,0
DA:16,0
DA:20,0
DA:23,0
DA:25,0
DA:26,0
DA:27,0
DA:28,0
DA:31,0
DA:32,0
DA:33,0
DA:35,0
DA:41,0
DA:44,0
DA:45,0
DA:52,0
DA:53,0
DA:60,0
DA:61,0
DA:63,0
DA:64,0
DA:65,0
DA:66,0
DA:69,0
DA:70,0
DA:71,0
DA:72,0
DA:75,0
DA:111,0
DA:113,0
DA:120,0
DA:121,0
DA:204,0
LF:35
LH:0
BRDA:15,0,0,0
BRDA:15,0,1,0
BRDA:15,1,0,0
BRDA:15,1,1,0
BRDA:15,1,2,0
BRDA:26,2,0,0
BRDA:26,2,1,0
BRDA:33,3,0,0
BRDA:33,3,1,0
BRDA:44,4,0,0
BRDA:44,4,1,0
BRDA:52,5,0,0
BRDA:52,5,1,0
BRDA:61,6,0,0
BRDA:61,6,1,0
BRDA:64,7,0,0
BRDA:64,7,1,0
BRDA:65,8,0,0
BRDA:65,8,1,0
BRDA:70,9,0,0
BRDA:70,9,1,0
BRDA:71,10,0,0
BRDA:71,10,1,0
BRDA:145,11,0,0
BRDA:145,11,1,0
BRDA:187,12,0,0
BRDA:187,12,1,0
BRDA:192,13,0,0
BRDA:192,13,1,0
BRDA:192,13,2,0
BRDA:205,14,0,0
BRDA:205,14,1,0
BRF:32
BRH:0
end_of_record
TN:
SF:src/components/costs/OptimizationSuggestions.tsx
FN:66,(anonymous_0)
FN:76,(anonymous_1)
FN:244,(anonymous_2)
FN:252,(anonymous_3)
FN:254,(anonymous_4)
FN:255,(anonymous_5)
FN:258,(anonymous_6)
FN:259,(anonymous_7)
FN:292,(anonymous_8)
FN:305,(anonymous_9)
FN:318,(anonymous_10)
FN:329,(anonymous_11)
FN:381,(anonymous_12)
FN:502,(anonymous_13)
FN:533,(anonymous_14)
FN:548,(anonymous_15)
FN:565,(anonymous_16)
FNF:17
FNH:17
FNDA:19,(anonymous_0)
FNDA:17,(anonymous_1)
FNDA:31,(anonymous_2)
FNDA:17,(anonymous_3)
FNDA:41,(anonymous_4)
FNDA:29,(anonymous_5)
FNDA:17,(anonymous_6)
FNDA:41,(anonymous_7)
FNDA:47,(anonymous_8)
FNDA:47,(anonymous_9)
FNDA:94,(anonymous_10)
FNDA:47,(anonymous_11)
FNDA:47,(anonymous_12)
FNDA:2,(anonymous_13)
FNDA:2,(anonymous_14)
FNDA:1,(anonymous_15)
FNDA:1,(anonymous_16)
DA:66,1
DA:72,19
DA:73,19
DA:76,19
DA:77,17
DA:78,2
DA:82,15
DA:84,15
DA:85,13
DA:87,2
DA:88,2
DA:90,2
DA:91,0
DA:95,2
DA:96,1
DA:99,1
DA:101,1
DA:102,1
DA:121,1
DA:122,0
DA:123,0
DA:143,2
DA:144,1
DA:147,1
DA:149,1
DA:150,1
DA:170,1
DA:172,1
DA:173,1
DA:193,2
DA:194,1
DA:197,1
DA:198,1
DA:199,1
DA:219,1
DA:220,1
DA:221,1
DA:240,2
DA:244,15
DA:245,31
DA:246,31
DA:247,31
DA:248,15
DA:252,19
DA:253,17
DA:254,41
DA:255,29
DA:258,19
DA:259,41
DA:262,19
DA:263,1
DA:270,18
DA:271,3
DA:292,15
DA:293,47
DA:295,15
DA:297,16
DA:299,16
DA:301,0
DA:305,15
DA:306,47
DA:308,15
DA:310,16
DA:312,16
DA:314,0
DA:318,15
DA:319,94
DA:321,58
DA:323,34
DA:325,2
DA:329,15
DA:330,47
DA:332,29
DA:334,17
DA:336,1
DA:340,15
DA:382,47
DA:503,2
DA:534,2
DA:548,1
DA:565,1
LF:81
LH:76
BRDA:68,0,0,18
BRDA:77,1,0,2
BRDA:77,1,1,15
BRDA:77,2,0,17
BRDA:77,2,1,15
BRDA:84,3,0,13
BRDA:84,3,1,2
BRDA:90,4,0,0
BRDA:90,4,1,2
BRDA:95,5,0,1
BRDA:95,5,1,1
BRDA:99,6,0,1
BRDA:99,6,1,0
BRDA:99,7,0,1
BRDA:99,7,1,1
BRDA:101,8,0,1
BRDA:101,8,1,0
BRDA:108,9,0,0
BRDA:108,9,1,1
BRDA:121,10,0,0
BRDA:121,10,1,1
BRDA:121,11,0,1
BRDA:121,11,1,1
BRDA:143,12,0,1
BRDA:143,12,1,1
BRDA:147,13,0,1
BRDA:147,13,1,0
BRDA:147,14,0,1
BRDA:147,14,1,1
BRDA:149,15,0,1
BRDA:149,15,1,0
BRDA:156,16,0,1
BRDA:156,16,1,0
BRDA:170,17,0,1
BRDA:170,17,1,0
BRDA:170,18,0,1
BRDA:170,18,1,1
BRDA:172,19,0,1
BRDA:172,19,1,0
BRDA:193,20,0,1
BRDA:193,20,1,1
BRDA:197,21,0,1
BRDA:197,21,1,0
BRDA:197,22,0,1
BRDA:197,22,1,1
BRDA:197,22,2,1
BRDA:197,22,3,1
BRDA:198,23,0,1
BRDA:198,23,1,0
BRDA:203,24,0,1
BRDA:203,24,1,0
BRDA:205,25,0,0
BRDA:205,25,1,1
BRDA:214,26,0,1
BRDA:214,26,1,0
BRDA:219,27,0,1
BRDA:219,27,1,0
BRDA:219,28,0,1
BRDA:219,28,1,1
BRDA:247,29,0,16
BRDA:247,29,1,15
BRDA:262,30,0,1
BRDA:262,30,1,18
BRDA:270,31,0,3
BRDA:270,31,1,15
BRDA:293,32,0,15
BRDA:293,32,1,16
BRDA:293,32,2,16
BRDA:293,32,3,0
BRDA:306,33,0,15
BRDA:306,33,1,16
BRDA:306,33,2,16
[...]
BRDA:31,0,0,0
BRDA:31,1,0,0
BRDA:31,2,0,0
BRDA:36,3,0,0
BRDA:36,3,1,0
BRDA:41,4,0,0
BRDA:41,4,1,0
BRDA:41,5,0,0
BRDA:41,5,1,0
BRDA:44,6,0,0
BRDA:44,6,1,0
BRDA:53,7,0,0
BRDA:53,7,1,0
BRDA:53,8,0,0
BRDA:53,8,1,0
BRDA:69,9,0,0
BRDA:75,10,0,0
BRDA:75,10,1,0
BRDA:99,11,0,0
BRDA:101,12,0,0
BRDA:101,12,1,0
BRDA:138,13,0,0
BRDA:140,14,0,0
BRDA:144,15,0,0
BRDA:145,16,0,0
BRDA:146,17,0,0
BRDA:147,18,0,0
BRDA:148,19,0,0
BRF:28
BRH:0
end_of_record
TN:
SF:src/services/cacheService.ts
FN:49,(anonymous_0)
FN:54,(anonymous_1)
FN:64,(anonymous_2)
FN:71,(anonymous_3)
FN:75,(anonymous_4)
FN:79,(anonymous_5)
FN:84,(anonymous_6)
FN:95,(anonymous_7)
FN:103,(anonymous_8)
FN:117,(anonymous_9)
FN:126,(anonymous_10)
FN:168,(anonymous_11)
FN:200,(anonymous_12)
FN:207,(anonymous_13)
FN:229,(anonymous_14)
FN:247,(anonymous_15)
FN:249,(anonymous_16)
FN:259,(anonymous_17)
FNF:18
FNH:0
FNDA:0,(anonymous_0)
FNDA:0,(anonymous_1)
FNDA:0,(anonymous_2)
FNDA:0,(anonymous_3)
FNDA:0,(anonymous_4)
FNDA:0,(anonymous_5)
FNDA:0,(anonymous_6)
FNDA:0,(anonymous_7)
FNDA:0,(anonymous_8)
FNDA:0,(anonymous_9)
FNDA:0,(anonymous_10)
FNDA:0,(anonymous_11)
FNDA:0,(anonymous_12)
FNDA:0,(anonymous_13)
FNDA:0,(anonymous_14)
FNDA:0,(anonymous_15)
FNDA:0,(anonymous_16)
FNDA:0,(anonymous_17)
DA:27,0
DA:34,0
DA:46,0
DA:47,0
DA:50,0
DA:51,0
DA:56,0
DA:57,0
DA:58,0
DA:59,0
DA:60,0
DA:65,0
DA:66,0
DA:72,0
DA:76,0
DA:81,0
DA:85,0
DA:86,0
DA:87,0
DA:88,0
DA:89,0
DA:92,0
DA:96,0
DA:97,0
DA:100,0
DA:101,0
DA:103,0
DA:104,0
DA:105,0
DA:106,0
DA:107,0
DA:111,0
DA:112,0
DA:113,0
DA:118,0
DA:119,0
DA:120,0
DA:127,0
DA:128,0
DA:131,0
DA:132,0
DA:134,0
DA:135,0
DA:136,0
DA:137,0
DA:139,0
DA:140,0
DA:142,0
DA:146,0
DA:155,0
DA:156,0
DA:159,0
DA:169,0
DA:171,0
DA:172,0
DA:176,0
DA:177,0
DA:178,0
DA:182,0
DA:183,0
DA:184,0
DA:185,0
DA:189,0
DA:190,0
DA:191,0
DA:192,0
DA:194,0
DA:201,0
DA:213,0
DA:214,0
DA:215,0
DA:218,0
DA:230,0
DA:231,0
DA:232,0
DA:233,0
DA:236,0
DA:237,0
DA:248,0
DA:249,0
DA:250,0
DA:251,0
DA:253,0
DA:265,0
DA:266,0
DA:268,0
DA:278,0
LF:87
LH:0
BRDA:49,0,0,0
BRDA:57,1,0,0
BRDA:57,1,1,0
BRDA:66,2,0,0
BRDA:66,2,1,0
BRDA:88,3,0,0
BRDA:88,3,1,0
BRDA:88,4,0,0
BRDA:88,4,1,0
BRDA:97,5,0,0
BRDA:97,5,1,0
BRDA:105,6,0,0
BRDA:105,6,1,0
BRDA:105,7,0,0
BRDA:105,7,1,0
BRDA:111,8,0,0
BRDA:111,8,1,0
BRDA:120,9,0,0
BRDA:120,9,1,0
BRDA:126,10,0,0
BRDA:131,11,0,0
BRDA:131,11,1,0
BRDA:137,12,0,0
BRDA:137,12,1,0
BRDA:168,13,0,0
BRDA:171,14,0,0
BRDA:171,14,1,0
BRDA:176,15,0,0
BRDA:176,15,1,0
BRDA:183,16,0,0
BRDA:183,16,1,0
BRDA:200,17,0,0
BRDA:214,18,0,0
BRDA:214,18,1,0
BRDA:231,19,0,0
BRDA:231,19,1,0
BRF:36
BRH:0
end_of_record
TN:
SF:src/services/monitoring.ts
FN:44,initializeSentry
FN:69,(anonymous_1)
FN:105,trackPerformanceMetrics
FN:121,(anonymous_3)
FN:130,(anonymous_4)
FN:144,(anonymous_5)
FN:159,(anonymous_6)
FN:183,sendPerformanceMetrics
FN:200,trackAnalytics
FN:219,trackPageView
FN:235,trackFeatureUsage
FN:249,trackNavigation
FN:263,trackInteraction
FN:277,getSessionId
FN:291,setUserContext
FN:302,clearUserContext
FN:309,captureError
FN:319,captureMessage
FN:326,addBreadcrumb
FN:338,startTransaction
FN:348,withProfiler
FNF:21
FNH:0
FNDA:0,initializeSentry
FNDA:0,(anonymous_1)
FNDA:0,trackPerformanceMetrics
FNDA:0,(anonymous_3)
FNDA:0,(anonymous_4)
FNDA:0,(anonymous_5)
FNDA:0,(anonymous_6)
FNDA:0,sendPerformanceMetrics
FNDA:0,trackAnalytics
FNDA:0,trackPageView
FNDA:0,trackFeatureUsage
FNDA:0,trackNavigation
FNDA:0,trackInteraction
FNDA:0,getSessionId
FNDA:0,setUserContext
FNDA:0,clearUserContext
FNDA:0,captureError
FNDA:0,captureMessage
FNDA:0,addBreadcrumb
FNDA:0,startTransaction
FNDA:0,withProfiler
DA:15,0
DA:16,0
DA:17,0
DA:18,0
DA:45,0
DA:46,0
DA:47,0
DA:50,0
DA:71,0
DA:73,0
DA:74,0
DA:77,0
DA:78,0
DA:82,0
DA:83,0
DA:87,0
DA:106,0
DA:108,0
DA:109,0
DA:110,0
DA:112,0
DA:115,0
DA:116,0
DA:117,0
DA:121,0
DA:122,0
DA:123,0
DA:127,0
DA:129,0
DA:130,0
DA:131,0
DA:132,0
DA:133,0
DA:134,0
DA:136,0
DA:142,0
DA:143,0
DA:144,0
DA:145,0
DA:146,0
DA:147,0
DA:150,0
DA:152,0
DA:158,0
DA:159,0
DA:160,0
DA:161,0
DA:162,0
DA:163,0
DA:165,0
DA:172,0
DA:175,0
DA:176,0
DA:184,0
DA:185,0
DA:191,0
DA:201,0
DA:202,0
DA:204,0
DA:210,0
DA:212,0
DA:220,0
DA:229,0
DA:236,0
DA:250,0
DA:264,0
DA:278,0
DA:280,0
DA:281,0
DA:282,0
DA:285,0
DA:292,0
DA:303,0
DA:310,0
DA:311,0
DA:313,0
DA:320,0
DA:327,0
DA:339,0
DA:352,0
LF:80
LH:0
BRDA:15,0,0,0
BRDA:15,0,1,0
BRDA:16,1,0,0
BRDA:16,1,1,0
BRDA:17,2,0,0
BRDA:17,2,1,0
BRDA:45,3,0,0
BRDA:45,3,1,0
BRDA:73,4,0,0
BRDA:73,4,1,0
BRDA:73,5,0,0
BRDA:73,5,1,0
BRDA:73,5,2,0
BRDA:77,6,0,0
BRDA:77,6,1,0
BRDA:77,7,0,0
BRDA:77,7,1,0
BRDA:82,8,0,0
BRDA:82,8,1,0
BRDA:94,9,0,0
BRDA:94,9,1,0
BRDA:108,10,0,0
BRDA:108,10,1,0
BRDA:108,11,0,0
BRDA:108,11,1,0
BRDA:115,12,0,0
BRDA:115,12,1,0
BRDA:122,13,0,0
BRDA:122,13,1,0
BRDA:127,14,0,0
BRDA:127,14,1,0
BRDA:133,15,0,0
BRDA:133,15,1,0
BRDA:146,16,0,0
BRDA:146,16,1,0
BRDA:280,17,0,0
BRDA:280,17,1,0
BRDA:310,18,0,0
BRDA:310,18,1,0
BRDA:319,19,0,0
BRF:40
BRH:0
end_of_record
TN:
SF:src/services/websocket.ts
FN:34,(anonymous_0)
FN:41,(anonymous_1)
FN:52,(anonymous_2)
FN:56,(anonymous_3)
FN:64,(anonymous_4)
FN:73,(anonymous_5)
FN:79,(anonymous_6)
FN:97,(anonymous_7)
FN:109,(anonymous_8)
FN:120,(anonymous_9)
FN:127,(anonymous_10)
FN:138,(anonymous_11)
FN:145,(anonymous_12)
FN:148,(anonymous_13)
FN:160,(anonymous_14)
FN:173,(anonymous_15)
FN:184,(anonymous_16)
FN:185,(anonymous_17)
FN:194,(anonymous_18)
FN:196,(anonymous_19)
FN:209,(anonymous_20)
FNF:21
FNH:0
FNDA:0,(anonymous_0)
FNDA:0,(anonymous_1)
FNDA:0,(anonymous_2)
FNDA:0,(anonymous_3)
FNDA:0,(anonymous_4)
FNDA:0,(anonymous_5)
FNDA:0,(anonymous_6)
FNDA:0,(anonymous_7)
FNDA:0,(anonymous_8)
FNDA:0,(anonymous_9)
FNDA:0,(anonymous_10)
FNDA:0,(anonymous_11)
FNDA:0,(anonymous_12)
FNDA:0,(anonymous_13)
FNDA:0,(anonymous_14)
FNDA:0,(anonymous_15)
FNDA:0,(anonymous_16)
FNDA:0,(anonymous_17)
FNDA:0,(anonymous_18)
FNDA:0,(anonymous_19)
FNDA:0,(anonymous_20)
DA:25,0
DA:27,0
DA:28,0
DA:29,0
DA:30,0
DA:31,0
DA:32,0
DA:35,0
DA:43,0
DA:44,0
DA:48,0
DA:49,0
DA:52,0
DA:53,0
DA:54,0
DA:56,0
DA:57,0
DA:58,0
DA:59,0
DA:60,0
DA:61,0
DA:64,0
DA:65,0
DA:66,0
DA:67,0
DA:69,0
DA:73,0
DA:74,0
DA:75,0
DA:76,0
DA:79,0
DA:80,0
DA:81,0
DA:82,0
DA:83,0
DA:86,0
DA:87,0
DA:91,0
DA:98,0
DA:99,0
DA:100,0
DA:101,0
DA:103,0
DA:110,0
DA:111,0
DA:113,0
DA:121,0
DA:122,0
DA:124,0
DA:127,0
DA:128,0
DA:129,0
DA:130,0
DA:139,0
DA:146,0
DA:147,0
DA:148,0
DA:149,0
DA:150,0
DA:152,0
DA:158,0
DA:159,0
DA:160,0
DA:161,0
DA:162,0
DA:164,0
DA:174,0
DA:175,0
DA:176,0
DA:179,0
DA:180,0
DA:182,0
DA:184,0
DA:185,0
DA:186,0
DA:195,0
DA:196,0
DA:197,0
DA:198,0
DA:210,0
DA:211,0
DA:212,0
DA:219,0
DA:220,0
LF:84
LH:0
BRDA:43,0,0,0
BRDA:43,0,1,0
BRDA:48,1,0,0
BRDA:48,1,1,0
BRDA:48,2,0,0
BRDA:48,2,1,0
BRDA:99,3,0,0
BRDA:99,3,1,0
BRDA:110,4,0,0
BRDA:110,4,1,0
BRDA:110,5,0,0
BRDA:110,5,1,0
BRDA:121,6,0,0
BRDA:121,6,1,0
BRDA:129,7,0,0
BRDA:129,7,1,0
BRDA:139,8,0,0
BRDA:139,8,1,0
BRDA:147,9,0,0
BRDA:147,9,1,0
BRDA:159,10,0,0
BRDA:159,10,1,0
BRDA:174,11,0,0
BRDA:174,11,1,0
BRDA:197,12,0,0
BRDA:197,12,1,0
BRDA:210,13,0,0
BRDA:210,13,1,0
BRDA:219,14,0,0
BRDA:219,14,1,0
BRF:30
BRH:0
end_of_record
TN:
SF:src/store/dashboardStore.js
FN:13,(anonymous_0)
FN:44,(anonymous_1)
FN:52,(anonymous_2)
FN:58,(anonymous_3)
FN:58,(anonymous_4)
FN:60,(anonymous_5)
FN:68,(anonymous_6)
FN:74,(anonymous_7)
FN:80,(anonymous_8)
FN:80,(anonymous_9)
FN:90,(anonymous_10)
FN:102,(anonymous_11)
FNF:12
FNH:12
FNDA:1,(anonymous_0)
FNDA:6,(anonymous_1)
FNDA:3,(anonymous_2)
FNDA:5,(anonymous_3)
FNDA:5,(anonymous_4)
FNDA:19,(anonymous_5)
FNDA:4,(anonymous_6)
FNDA:5,(anonymous_7)
FNDA:4,(anonymous_8)
FNDA:4,(anonymous_9)
FNDA:2,(anonymous_10)
FNDA:18,(anonymous_11)
DA:13,1
DA:44,6
DA:52,3
DA:58,5
DA:60,19
DA:68,4
DA:74,5
DA:80,4
DA:90,2
DA:102,18
LF:10
LH:10
BRDA:59,0,0,4
BRDA:59,0,1,1
BRF:2
BRH:2
end_of_record
TN:
SF:src/store/globalStore.js
FN:14,(anonymous_0)
FN:17,(anonymous_1)
FN:22,(anonymous_2)
FN:23,(anonymous_3)
FN:27,(anonymous_4)
FN:31,(anonymous_5)
FN:36,(anonymous_6)
FN:37,(anonymous_7)
FNF:8
FNH:0
FNDA:0,(anonymous_0)
FNDA:0,(anonymous_1)
FNDA:0,(anonymous_2)
FNDA:0,(anonymous_3)
FNDA:0,(anonymous_4)
FNDA:0,(anonymous_5)
FNDA:0,(anonymous_6)
FNDA:0,(anonymous_7)
DA:14,0
DA:17,0
DA:22,0
DA:23,0
DA:27,0
DA:31,0
DA:36,0
DA:37,0
LF:8
LH:0
BRDA:36,0,0,0
BRF:1
BRH:0
end_of_record
TN:
SF:src/test/testUtils.tsx
FN:10,(anonymous_0)
FN:33,(anonymous_1)
FN:43,(anonymous_2)
FN:47,(anonymous_3)
FN:53,(anonymous_4)
FN:62,(anonymous_5)
FN:74,(anonymous_6)
FNF:7
FNH:0
FNDA:0,(anonymous_0)
FNDA:0,(anonymous_1)
FNDA:0,(anonymous_2)
FNDA:0,(anonymous_3)
FNDA:0,(anonymous_4)
FNDA:0,(anonymous_5)
FNDA:0,(anonymous_6)
DA:10,0
DA:11,0
DA:20,0
DA:33,0
DA:36,0
DA:42,0
DA:44,0
DA:45,0
DA:46,0
DA:48,0
DA:52,0
DA:54,0
DA:62,0
DA:74,0
LF:14
LH:0
BRDA:44,0,0,0
BRDA:44,0,1,0
BRDA:45,1,0,0
BRDA:45,1,1,0
BRDA:62,2,0,0
BRDA:74,3,0,0
BRF:6
BRH:0
end_of_record
TN:
SF:src/types/annotations.ts
FNF:0
FNH:0
DA:26,0
LF:1
LH:0
BRF:0
BRH:0
end_of_record
TN:
SF:src/types/crossfilter.ts
FNF:0
FNH:0
LF:0
LH:0
BRF:0
BRH:0
end_of_record
TN:
SF:src/types/drift.ts
FNF:0
FNH:0
LF:0
LH:0
BRF:0
BRH:0
end_of_record
TN:
SF:src/types/drilldown.ts
FNF:0
FNH:0
LF:0
LH:0
BRF:0
BRH:0
end_of_record
TN:
SF:src/types/ensemble.ts
FNF:0
FNH:0
LF:0
LH:0
BRF:0
BRH:0
end_of_record
TN:
SF:src/types/explainability.ts
FNF:0
FNH:0
LF:0
LH:0
BRF:0
BRH:0
end_of_record
TN:
SF:src/types/favorites.ts
FNF:0
FNH:0
LF:0
LH:0
BRF:0
BRH:0
end_of_record
TN:
SF:src/types/keyboard.ts
FNF:0
FNH:0
LF:0
LH:0
BRF:0
BRH:0
end_of_record
TN:
SF:src/types/layout.ts
FNF:0
FNH:0
LF:0
LH:0
BRF:0
BRH:0
end_of_record
TN:
SF:src/types/metrics.ts
FNF:0
FNH:0
LF:0
LH:0
BRF:0
BRH:0
end_of_record
TN:
SF:src/types/notifications.ts
FNF:0
FNH:0
LF:0
LH:0
BRF:0
BRH:0
end_of_record
TN:
SF:src/utils/accessibility.ts
FN:13,getContrastRatio
FN:14,(anonymous_1)
FN:47,meetsWCAGAA
FN:57,generateChartAriaLabel
FN:66,announceToScreenReader
FN:77,(anonymous_5)
FN:87,getFocusableElements
FN:105,trapFocus
FN:133,generateA11yId
FN:143,formatForScreenReader
FN:160,getChartTrendDescription
FNF:11
FNH:9
FNDA:4,getContrastRatio
FNDA:8,(anonymous_1)
FNDA:4,meetsWCAGAA
FNDA:2,generateChartAriaLabel
FNDA:4,announceToScreenReader
FNDA:0,(anonymous_5)
FNDA:4,getFocusableElements
FNDA:0,trapFocus
FNDA:2,generateA11yId
FNDA:6,formatForScreenReader
FNDA:5,getChartTrendDescription
DA:14,4
DA:16,8
DA:19,8
DA:20,8
DA:21,8
DA:24,8
DA:25,8
DA:26,8
DA:29,8
DA:32,4
DA:33,4
DA:35,4
DA:36,4
DA:38,4
DA:48,4
DA:58,2
DA:67,4
DA:68,4
DA:69,4
DA:70,4
DA:71,4
DA:72,4
DA:74,4
DA:77,4
DA:78,0
DA:88,4
DA:97,4
DA:106,0
DA:108,0
DA:109,0
DA:110,0
DA:112,0
DA:114,0
DA:115,0
DA:116,0
DA:120,0
DA:121,0
DA:122,0
DA:132,2
DA:134,2
DA:144,6
DA:146,6
DA:147,1
DA:148,5
DA:149,1
DA:152,4
DA:161,5
DA:163,3
DA:164,3
DA:165,3
DA:167,3
DA:168,1
DA:169,2
DA:170,1
DA:172,1
LF:55
LH:43
BRDA:24,0,0,3
BRDA:24,0,1,5
BRDA:25,1,0,3
BRDA:25,1,1,5
BRDA:26,2,0,3
BRDA:26,2,1,5
BRDA:47,3,0,0
BRDA:48,4,0,2
BRDA:48,4,1,2
BRDA:66,5,0,2
BRDA:106,6,0,0
BRDA:106,6,1,0
BRDA:112,7,0,0
BRDA:112,7,1,0
BRDA:114,8,0,0
BRDA:114,8,1,0
BRDA:120,9,0,0
BRDA:120,9,1,0
BRDA:133,10,0,0
BRDA:146,11,0,1
BRDA:146,11,1,5
BRDA:148,12,0,1
BRDA:148,12,1,4
BRDA:161,13,0,2
BRDA:161,13,1,3
BRDA:167,14,0,1
BRDA:167,14,1,2
BRDA:169,15,0,1
BRDA:169,15,1,1
BRF:29
BRH:19
end_of_record
TN:
SF:src/utils/accessibilityAudit.ts
FN:36,runAccessibilityAudit
FN:50,(anonymous_1)
FN:56,(anonymous_2)
FN:76,logAccessibilityViolations
FN:84,(anonymous_4)
FN:90,(anonymous_5)
FN:109,groupViolationsByImpact
FN:110,(anonymous_7)
FN:125,generateAccessibilityReport
FN:139,(anonymous_9)
FN:147,(anonymous_10)
FN:163,checkColorContrast
FN:176,initAccessibilityMonitoring
FN:179,(anonymous_13)
FN:191,(anonymous_14)
FNF:15
FNH:0
FNDA:0,runAccessibilityAudit
FNDA:0,(anonymous_1)
FNDA:0,(anonymous_2)
FNDA:0,logAccessibilityViolations
FNDA:0,(anonymous_4)
FNDA:0,(anonymous_5)
FNDA:0,groupViolationsByImpact
FNDA:0,(anonymous_7)
FNDA:0,generateAccessibilityReport
FNDA:0,(anonymous_9)
FNDA:0,(anonymous_10)
FNDA:0,checkColorContrast
FNDA:0,initAccessibilityMonitoring
FNDA:0,(anonymous_13)
FNDA:0,(anonymous_14)
DA:40,0
DA:41,0
DA:49,0
DA:50,0
DA:56,0
DA:67,0
DA:68,0
DA:77,0
DA:78,0
DA:79,0
DA:82,0
DA:84,0
DA:85,0
DA:86,0
DA:87,0
DA:88,0
DA:90,0
DA:91,0
DA:92,0
DA:93,0
DA:94,0
DA:95,0
DA:98,0
DA:101,0
DA:110,0
DA:111,0
DA:112,0
DA:113,0
DA:115,0
DA:116,0
DA:126,0
DA:128,0
DA:129,0
DA:130,0
DA:131,0
DA:132,0
DA:133,0
DA:135,0
DA:136,0
DA:138,0
DA:139,0
DA:140,0
DA:141,0
DA:142,0
DA:146,0
DA:147,0
DA:148,0
DA:149,0
DA:150,0
DA:151,0
DA:155,0
DA:164,0
DA:165,0
DA:166,0
DA:170,0
DA:177,0
DA:179,0
DA:180,0
DA:181,0
DA:183,0
DA:184,0
DA:191,0
DA:192,0
LF:63
LH:0
BRDA:37,0,0,0
BRDA:59,1,0,0
BRDA:59,1,1,0
BRDA:77,2,0,0
BRDA:77,2,1,0
BRDA:112,3,0,0
BRDA:112,3,1,0
BRDA:135,4,0,0
BRDA:135,4,1,0
BRDA:140,5,0,0
BRDA:140,5,1,0
BRDA:141,6,0,0
BRDA:141,6,1,0
BRDA:177,7,0,0
BRDA:177,7,1,0
BRDA:183,8,0,0
BRDA:183,8,1,0
BRF:17
BRH:0
end_of_record
TN:
SF:src/utils/codeSplitting.ts
FN:16,lazyWithDelay
FN:20,(anonymous_1)
FN:23,(anonymous_2)
FN:24,(anonymous_3)
FN:32,preloadComponent
FN:44,(anonymous_5)
FN:48,(anonymous_6)
FN:51,(anonymous_7)
FN:60,(anonymous_8)
FN:64,(anonymous_9)
FN:68,(anonymous_10)
FN:72,(anonymous_11)
FN:76,(anonymous_12)
FN:80,(anonymous_13)
FN:84,(anonymous_14)
FN:92,(anonymous_15)
FN:94,(anonymous_16)
FN:94,(anonymous_17)
FN:95,(anonymous_18)
FN:95,(anonymous_19)
FN:96,(anonymous_20)
FN:96,(anonymous_21)
FN:97,(anonymous_22)
FN:97,(anonymous_23)
FN:98,(anonymous_24)
FN:98,(anonymous_25)
FN:99,(anonymous_26)
FN:99,(anonymous_27)
FNF:28
FNH:0
FNDA:0,lazyWithDelay
FNDA:0,(anonymous_1)
FNDA:0,(anonymous_2)
FNDA:0,(anonymous_3)
FNDA:0,preloadComponent
FNDA:0,(anonymous_5)
FNDA:0,(anonymous_6)
FNDA:0,(anonymous_7)
FNDA:0,(anonymous_8)
FNDA:0,(anonymous_9)
FNDA:0,(anonymous_10)
FNDA:0,(anonymous_11)
FNDA:0,(anonymous_12)
FNDA:0,(anonymous_13)
FNDA:0,(anonymous_14)
FNDA:0,(anonymous_15)
FNDA:0,(anonymous_16)
FNDA:0,(anonymous_17)
FNDA:0,(anonymous_18)
FNDA:0,(anonymous_19)
FNDA:0,(anonymous_20)
FNDA:0,(anonymous_21)
FNDA:0,(anonymous_22)
FNDA:0,(anonymous_23)
FNDA:0,(anonymous_24)
FNDA:0,(anonymous_25)
FNDA:0,(anonymous_26)
FNDA:0,(anonymous_27)
DA:20,0
DA:21,0
DA:23,0
DA:24,0
DA:35,0
DA:44,0
DA:48,0
DA:51,0
DA:59,0
DA:60,0
DA:63,0
DA:64,0
DA:67,0
DA:68,0
DA:71,0
DA:72,0
DA:75,0
DA:76,0
DA:79,0
DA:80,0
DA:83,0
DA:84,0
DA:92,0
DA:93,0
DA:94,0
DA:95,0
DA:96,0
DA:97,0
DA:98,0
DA:99,0
DA:102,0
DA:103,0
DA:105,0
LF:33
LH:0
BRDA:18,0,0,0
BRDA:103,1,0,0
BRDA:103,1,1,0
BRF:3
BRH:0
end_of_record
TN:
SF:src/utils/dataLoader.js
FN:7,(anonymous_0)
FN:18,(anonymous_1)
FN:55,(anonymous_2)
FN:70,(anonymous_3)
FN:80,(anonymous_4)
FN:84,(anonymous_5)
FN:109,(anonymous_6)
FN:124,(anonymous_7)
FN:134,(anonymous_8)
FN:138,(anonymous_9)
FN:162,(anonymous_10)
FNF:11
FNH:11
FNDA:7,(anonymous_0)
FNDA:5,(anonymous_1)
FNDA:6,(anonymous_2)
FNDA:5,(anonymous_3)
FNDA:4,(anonymous_4)
FNDA:4,(anonymous_5)
FNDA:6,(anonymous_6)
FNDA:5,(anonymous_7)
FNDA:4,(anonymous_8)
FNDA:4,(anonymous_9)
FNDA:3,(anonymous_10)
DA:7,1
DA:8,7
DA:10,7
DA:12,5
DA:13,2
DA:14,2
DA:18,3
DA:19,5
DA:20,4
DA:22,1
DA:25,3
DA:26,0
DA:27,0
DA:31,3
DA:33,3
DA:34,0
DA:35,0
DA:39,3
DA:40,1
DA:41,1
DA:44,2
DA:46,2
DA:47,2
DA:55,1
DA:56,6
DA:58,6
DA:60,6
DA:61,2
DA:62,2
DA:66,4
DA:67,4
DA:70,4
DA:71,5
DA:74,4
DA:75,0
DA:76,0
DA:80,4
DA:81,4
DA:84,4
DA:85,4
DA:88,4
DA:91,1
DA:92,1
DA:95,3
DA:98,4
DA:100,0
DA:101,0
DA:109,1
DA:110,6
DA:112,6
DA:114,6
DA:115,2
DA:116,2
DA:120,4
DA:121,4
DA:124,4
DA:125,5
DA:128,4
DA:129,0
DA:130,0
DA:134,4
DA:135,4
DA:138,4
DA:139,4
DA:142,4
DA:144,1
DA:145,1
DA:148,3
DA:151,4
DA:153,0
DA:154,0
DA:162,1
DA:163,3
DA:165,3
DA:167,3
DA:174,2
DA:182,2
DA:183,0
DA:185,2
DA:186,0
DA:188,2
DA:189,0
DA:192,2
DA:193,2
DA:194,2
DA:196,2
DA:198,1
DA:201,1
LF:88
LH:73
BRDA:12,0,0,2
BRDA:12,0,1,3
BRDA:12,1,0,5
BRDA:12,1,1,4
BRDA:19,2,0,4
BRDA:19,2,1,1
BRDA:19,3,0,5
BRDA:19,3,1,2
BRDA:25,4,0,0
BRDA:25,4,1,3
BRDA:33,5,0,0
BRDA:33,5,1,3
BRDA:39,6,0,1
BRDA:39,6,1,2
BRDA:39,7,0,3
BRDA:39,7,1,2
BRDA:60,8,0,2
BRDA:60,8,1,4
BRDA:60,9,0,6
BRDA:60,9,1,5
BRDA:74,10,0,0
BRDA:74,10,1,4
BRDA:85,11,0,0
BRDA:85,11,1,4
BRDA:88,12,0,1
BRDA:88,12,1,3
BRDA:88,13,0,4
BRDA:88,13,1,3
BRDA:88,13,2,3
BRDA:114,14,0,2
BRDA:114,14,1,4
BRDA:114,15,0,6
BRDA:114,15,1,5
BRDA:128,16,0,0
BRDA:128,16,1,4
BRDA:139,17,0,0
BRDA:139,17,1,4
BRDA:142,18,0,1
BRDA:142,18,1,3
BRDA:142,19,0,4
BRDA:142,19,1,3
BRDA:175,20,0,2
BRDA:175,20,1,0
BRDA:176,21,0,2
BRDA:176,21,1,0
BRDA:177,22,0,2
BRDA:177,22,1,0
BRDA:182,23,0,0
BRDA:182,23,1,2
BRDA:185,24,0,0
BRDA:185,24,1,2
BRDA:188,25,0,0
BRDA:188,25,1,2
BRF:53
BRH:41
end_of_record
TN:
SF:src/utils/s3Config.js
FN:12,(anonymous_0)
FN:29,(anonymous_1)
FN:53,(anonymous_2)
FN:73,(anonymous_3)
FN:85,(anonymous_4)
FN:96,(anonymous_5)
FN:112,(anonymous_6)
FN:122,(anonymous_7)
FN:135,(anonymous_8)
FN:182,(anonymous_9)
FNF:10
FNH:10
FNDA:5,(anonymous_0)
FNDA:19,(anonymous_1)
FNDA:4,(anonymous_2)
FNDA:1,(anonymous_3)
FNDA:4,(anonymous_4)
FNDA:24,(anonymous_5)
FNDA:24,(anonymous_6)
FNDA:22,(anonymous_7)
FNDA:14,(anonymous_8)
FNDA:8,(anonymous_9)
DA:12,2
DA:13,5
DA:15,5
DA:16,5
DA:18,5
DA:29,2
DA:30,19
DA:31,0
DA:34,19
DA:41,16
DA:42,5
DA:45,11
DA:53,2
DA:54,4
DA:56,4
DA:57,0
DA:63,4
DA:73,2
DA:75,1
DA:79,2
DA:85,2
DA:86,4
DA:87,3
DA:89,4
DA:96,2
DA:97,24
DA:101,2
DA:106,2
DA:112,2
DA:113,24
DA:114,24
DA:122,2
DA:123,22
DA:124,3
DA:125,3
DA:135,2
DA:137,14
DA:138,14
DA:139,2
DA:140,2
DA:143,12
DA:145,12
DA:148,6
DA:153,6
DA:155,6
DA:157,6
DA:158,2
DA:159,2
DA:160,2
DA:161,4
DA:162,2
DA:163,2
DA:164,2
DA:165,2
DA:166,2
DA:167,2
DA:168,2
DA:171,0
DA:182,2
DA:184,8
DA:185,8
DA:186,1
DA:187,1
DA:190,7
DA:192,7
DA:194,5
DA:197,5
DA:202,5
DA:204,2
DA:206,2
DA:207,1
DA:208,1
DA:209,1
DA:210,1
DA:211,0
DA:212,0
DA:213,0
DA:216,1
LF:78
LH:72
BRDA:15,0,0,0
BRDA:15,0,1,5
BRDA:16,1,0,0
BRDA:16,1,1,5
BRDA:30,2,0,0
BRDA:30,2,1,19
BRDA:30,3,0,19
BRDA:30,3,1,19
BRDA:41,4,0,5
BRDA:41,4,1,11
BRDA:56,5,0,0
BRDA:56,5,1,4
BRDA:86,6,0,3
BRDA:86,6,1,1
BRDA:123,7,0,19
BRDA:123,7,1,3
BRDA:138,8,0,2
BRDA:138,8,1,12
BRDA:157,9,0,2
BRDA:157,9,1,4
BRDA:161,10,0,2
BRDA:161,10,1,2
BRDA:161,11,0,4
BRDA:161,11,1,2
BRDA:165,12,0,2
BRDA:165,12,1,0
BRDA:165,13,0,2
BRDA:165,13,1,1
BRDA:185,14,0,1
BRDA:185,14,1,7
BRDA:194,15,0,5
BRDA:194,15,1,1
BRDA:206,16,0,1
BRDA:206,16,1,1
BRDA:206,17,0,2
BRDA:206,17,1,1
BRDA:210,18,0,0
BRDA:210,18,1,1
BRDA:210,19,0,1
BRDA:210,19,1,1
BRF:40
BRH:34
end_of_record
TN:
SF:src/utils/serviceWorkerRegistration.ts
FN:15,register
FN:18,(anonymous_1)
FN:26,registerValidSW
FN:33,(anonymous_3)
FN:39,(anonymous_4)
FN:61,(anonymous_5)
FN:68,(anonymous_6)
FN:79,unregister
FN:82,(anonymous_8)
FN:85,(anonymous_9)
FN:94,clearCache
FN:104,(anonymous_11)
FN:111,isOffline
FN:118,getCacheStatus
FNF:14
FNH:0
FNDA:0,register
FNDA:0,(anonymous_1)
FNDA:0,registerValidSW
FNDA:0,(anonymous_3)
FNDA:0,(anonymous_4)
FNDA:0,(anonymous_5)
FNDA:0,(anonymous_6)
FNDA:0,unregister
FNDA:0,(anonymous_8)
FNDA:0,(anonymous_9)
FNDA:0,clearCache
FNDA:0,(anonymous_11)
FNDA:0,isOffline
FNDA:0,getCacheStatus
DA:16,0
DA:18,0
DA:19,0
DA:21,0
DA:30,0
DA:31,0
DA:33,0
DA:34,0
DA:35,0
DA:36,0
DA:39,0
DA:40,0
DA:41,0
DA:43,0
DA:45,0
DA:46,0
DA:50,0
DA:52,0
DA:53,0
DA:61,0
DA:62,0
DA:63,0
DA:64,0
DA:68,0
DA:69,0
DA:70,0
DA:71,0
DA:75,0
DA:80,0
DA:81,0
DA:83,0
DA:86,0
DA:95,0
DA:96,0
DA:102,0
DA:103,0
DA:104,0
DA:112,0
DA:123,0
DA:124,0
DA:127,0
DA:128,0
DA:129,0
DA:131,0
DA:132,0
DA:135,0
DA:136,0
DA:137,0
DA:140,0
DA:141,0
DA:143,0
DA:145,0
DA:146,0
LF:53
LH:0
BRDA:16,0,0,0
BRDA:16,0,1,0
BRDA:35,1,0,0
BRDA:35,1,1,0
BRDA:40,2,0,0
BRDA:40,2,1,0
BRDA:41,3,0,0
BRDA:41,3,1,0
BRDA:45,4,0,0
BRDA:45,4,1,0
BRDA:45,5,0,0
BRDA:45,5,1,0
BRDA:52,6,0,0
BRDA:52,6,1,0
BRDA:52,7,0,0
BRDA:52,7,1,0
BRDA:63,8,0,0
BRDA:63,8,1,0
BRDA:63,9,0,0
BRDA:63,9,1,0
BRDA:70,10,0,0
BRDA:70,10,1,0
BRDA:70,11,0,0
BRDA:70,11,1,0
BRDA:80,12,0,0
BRDA:80,12,1,0
BRDA:95,13,0,0
BRDA:95,13,1,0
BRDA:95,14,0,0
BRDA:95,14,1,0
BRDA:102,15,0,0
BRDA:102,15,1,0
BRDA:123,16,0,0
BRDA:123,16,1,0
BRDA:131,17,0,0
BRDA:131,17,1,0
BRDA:136,18,0,0
BRDA:136,18,1,0
BRF:38
BRH:0
end_of_record
